16:25:48.454 [background-preinit] INFO  o.h.v.i.util.Version - [<clinit>,21] - HV000001: Hibernate Validator 8.0.2.Final
16:25:48.474 [restartedMain] INFO  c.z.RuoYiApplication - [logStarting,50] - Starting RuoYiApplication using Java 24.0.2 with PID 74222 (/Users/molido/code/zzylBackend/zzyl-admin/target/classes started by molido in /Users/molido/code/zzylBackend/zzyl-admin)
16:25:48.476 [restartedMain] INFO  c.z.RuoYiApplication - [logStartupProfileInfo,654] - No active profile set, falling back to 1 default profile: "default"
16:26:19.152 [background-preinit] INFO  o.h.v.i.util.Version - [<clinit>,21] - HV000001: Hibernate Validator 8.0.2.Final
16:26:19.175 [restartedMain] INFO  c.z.RuoYiApplication - [logStarting,50] - Starting RuoYiApplication using Java 24.0.2 with PID 74476 (/Users/molido/code/zzylBackend/zzyl-admin/target/classes started by molido in /Users/molido/code/zzylBackend/zzyl-admin)
16:26:19.177 [restartedMain] INFO  c.z.RuoYiApplication - [logStartupProfileInfo,654] - No active profile set, falling back to 1 default profile: "default"
16:26:42.110 [background-preinit] INFO  o.h.v.i.util.Version - [<clinit>,21] - HV000001: Hibernate Validator 8.0.2.Final
16:26:42.127 [restartedMain] INFO  c.z.RuoYiApplication - [logStarting,50] - Starting RuoYiApplication using Java 24.0.2 with PID 74865 (/Users/molido/code/zzylBackend/zzyl-admin/target/classes started by molido in /Users/molido/code/zzylBackend/zzyl-admin)
16:26:42.128 [restartedMain] INFO  c.z.RuoYiApplication - [logStartupProfileInfo,654] - No active profile set, falling back to 1 default profile: "default"
16:26:43.804 [restartedMain] INFO  o.a.c.h.Http11NioProtocol - [log,168] - Initializing ProtocolHandler ["http-nio-8080"]
16:26:43.806 [restartedMain] INFO  o.a.c.c.StandardService - [log,168] - Starting service [Tomcat]
16:26:43.806 [restartedMain] INFO  o.a.c.c.StandardEngine - [log,168] - Starting Servlet engine: [Apache Tomcat/10.1.42]
16:26:43.829 [restartedMain] INFO  o.a.c.c.C.[.[.[/] - [log,168] - Initializing Spring embedded WebApplicationContext
16:26:43.860 [restartedMain] INFO  o.a.c.c.StandardService - [log,168] - Stopping service [Tomcat]
16:27:07.283 [background-preinit] INFO  o.h.v.i.util.Version - [<clinit>,21] - HV000001: Hibernate Validator 8.0.2.Final
16:27:07.309 [restartedMain] INFO  c.z.RuoYiApplication - [logStarting,50] - Starting RuoYiApplication using Java 24.0.2 with PID 75101 (/Users/molido/code/zzylBackend/zzyl-admin/target/classes started by molido in /Users/molido/code/zzylBackend/zzyl-admin)
16:27:07.310 [restartedMain] INFO  c.z.RuoYiApplication - [logStartupProfileInfo,654] - No active profile set, falling back to 1 default profile: "default"
16:27:08.958 [restartedMain] INFO  o.a.c.h.Http11NioProtocol - [log,168] - Initializing ProtocolHandler ["http-nio-8080"]
16:27:08.960 [restartedMain] INFO  o.a.c.c.StandardService - [log,168] - Starting service [Tomcat]
16:27:08.960 [restartedMain] INFO  o.a.c.c.StandardEngine - [log,168] - Starting Servlet engine: [Apache Tomcat/10.1.42]
16:27:08.987 [restartedMain] INFO  o.a.c.c.C.[.[.[/] - [log,168] - Initializing Spring embedded WebApplicationContext
16:27:09.317 [restartedMain] INFO  o.a.c.c.StandardService - [log,168] - Stopping service [Tomcat]
16:27:36.561 [background-preinit] INFO  o.h.v.i.util.Version - [<clinit>,21] - HV000001: Hibernate Validator 8.0.2.Final
16:27:36.595 [restartedMain] INFO  c.z.RuoYiApplication - [logStarting,50] - Starting RuoYiApplication using Java 24.0.2 with PID 75336 (/Users/molido/code/zzylBackend/zzyl-admin/target/classes started by molido in /Users/molido/code/zzylBackend/zzyl-admin)
16:27:36.597 [restartedMain] INFO  c.z.RuoYiApplication - [logStartupProfileInfo,654] - No active profile set, falling back to 1 default profile: "default"
16:27:38.109 [restartedMain] INFO  o.a.c.h.Http11NioProtocol - [log,168] - Initializing ProtocolHandler ["http-nio-8080"]
16:27:38.110 [restartedMain] INFO  o.a.c.c.StandardService - [log,168] - Starting service [Tomcat]
16:27:38.110 [restartedMain] INFO  o.a.c.c.StandardEngine - [log,168] - Starting Servlet engine: [Apache Tomcat/10.1.42]
16:27:38.130 [restartedMain] INFO  o.a.c.c.C.[.[.[/] - [log,168] - Initializing Spring embedded WebApplicationContext
16:27:38.683 [restartedMain] INFO  c.a.d.p.DruidDataSource - [init,1002] - {dataSource-1} inited
16:27:38.716 [Druid-ConnectionPool-Create-1928058223] INFO  c.a.d.p.DruidAbstractDataSource - [setFailContinuous,1900] - {dataSource-1} failContinuous is true
16:27:38.727 [restartedMain] INFO  o.a.c.c.StandardService - [log,168] - Stopping service [Tomcat]
16:28:01.043 [background-preinit] INFO  o.h.v.i.util.Version - [<clinit>,21] - HV000001: Hibernate Validator 8.0.2.Final
16:28:01.067 [restartedMain] INFO  c.z.RuoYiApplication - [logStarting,50] - Starting RuoYiApplication using Java 24.0.2 with PID 75577 (/Users/molido/code/zzylBackend/zzyl-admin/target/classes started by molido in /Users/molido/code/zzylBackend/zzyl-admin)
16:28:01.073 [restartedMain] INFO  c.z.RuoYiApplication - [logStartupProfileInfo,654] - No active profile set, falling back to 1 default profile: "default"
16:28:02.613 [restartedMain] INFO  o.a.c.h.Http11NioProtocol - [log,168] - Initializing ProtocolHandler ["http-nio-8080"]
16:28:02.615 [restartedMain] INFO  o.a.c.c.StandardService - [log,168] - Starting service [Tomcat]
16:28:02.615 [restartedMain] INFO  o.a.c.c.StandardEngine - [log,168] - Starting Servlet engine: [Apache Tomcat/10.1.42]
16:28:02.637 [restartedMain] INFO  o.a.c.c.C.[.[.[/] - [log,168] - Initializing Spring embedded WebApplicationContext
16:28:03.343 [restartedMain] INFO  c.a.d.p.DruidDataSource - [init,1002] - {dataSource-1} inited
16:28:03.499 [restartedMain] INFO  c.a.d.p.DruidDataSource - [close,2204] - {dataSource-1} closing ...
16:28:03.504 [restartedMain] INFO  c.a.d.p.DruidDataSource - [close,2277] - {dataSource-1} closed
16:28:03.514 [restartedMain] INFO  o.a.c.c.StandardService - [log,168] - Stopping service [Tomcat]
16:28:23.902 [background-preinit] INFO  o.h.v.i.util.Version - [<clinit>,21] - HV000001: Hibernate Validator 8.0.2.Final
16:28:23.942 [restartedMain] INFO  c.z.RuoYiApplication - [logStarting,50] - Starting RuoYiApplication using Java 24.0.2 with PID 75803 (/Users/molido/code/zzylBackend/zzyl-admin/target/classes started by molido in /Users/molido/code/zzylBackend/zzyl-admin)
16:28:23.943 [restartedMain] INFO  c.z.RuoYiApplication - [logStartupProfileInfo,654] - No active profile set, falling back to 1 default profile: "default"
16:28:25.663 [restartedMain] INFO  o.a.c.h.Http11NioProtocol - [log,168] - Initializing ProtocolHandler ["http-nio-8080"]
16:28:25.665 [restartedMain] INFO  o.a.c.c.StandardService - [log,168] - Starting service [Tomcat]
16:28:25.665 [restartedMain] INFO  o.a.c.c.StandardEngine - [log,168] - Starting Servlet engine: [Apache Tomcat/10.1.42]
16:28:25.685 [restartedMain] INFO  o.a.c.c.C.[.[.[/] - [log,168] - Initializing Spring embedded WebApplicationContext
16:28:26.311 [restartedMain] INFO  c.a.d.p.DruidDataSource - [init,1002] - {dataSource-1} inited
16:28:27.424 [restartedMain] INFO  c.a.d.p.DruidDataSource - [close,2204] - {dataSource-1} closing ...
16:28:27.430 [restartedMain] INFO  c.a.d.p.DruidDataSource - [close,2277] - {dataSource-1} closed
16:28:27.456 [restartedMain] INFO  o.a.c.c.StandardService - [log,168] - Stopping service [Tomcat]
16:28:53.978 [background-preinit] INFO  o.h.v.i.util.Version - [<clinit>,21] - HV000001: Hibernate Validator 8.0.2.Final
16:28:53.995 [restartedMain] INFO  c.z.RuoYiApplication - [logStarting,50] - Starting RuoYiApplication using Java 24.0.2 with PID 76055 (/Users/molido/code/zzylBackend/zzyl-admin/target/classes started by molido in /Users/molido/code/zzylBackend/zzyl-admin)
16:28:53.995 [restartedMain] INFO  c.z.RuoYiApplication - [logStartupProfileInfo,654] - No active profile set, falling back to 1 default profile: "default"
16:28:55.613 [restartedMain] INFO  o.a.c.h.Http11NioProtocol - [log,168] - Initializing ProtocolHandler ["http-nio-8080"]
16:28:55.615 [restartedMain] INFO  o.a.c.c.StandardService - [log,168] - Starting service [Tomcat]
16:28:55.615 [restartedMain] INFO  o.a.c.c.StandardEngine - [log,168] - Starting Servlet engine: [Apache Tomcat/10.1.42]
16:28:55.636 [restartedMain] INFO  o.a.c.c.C.[.[.[/] - [log,168] - Initializing Spring embedded WebApplicationContext
16:28:56.296 [restartedMain] INFO  c.a.d.p.DruidDataSource - [init,1002] - {dataSource-1} inited
16:28:57.700 [restartedMain] INFO  o.q.i.StdSchedulerFactory - [instantiate,1220] - Using default implementation for ThreadExecutor
16:28:57.747 [restartedMain] INFO  o.q.c.SchedulerSignalerImpl - [<init>,61] - Initialized Scheduler Signaller of type: class org.quartz.core.SchedulerSignalerImpl
16:28:57.748 [restartedMain] INFO  o.q.c.QuartzScheduler - [<init>,229] - Quartz Scheduler v.2.3.2 created.
16:28:57.750 [restartedMain] INFO  o.q.s.RAMJobStore - [initialize,155] - RAMJobStore initialized.
16:28:57.753 [restartedMain] INFO  o.q.c.QuartzScheduler - [initialize,294] - Scheduler meta-data: Quartz Scheduler (v2.3.2) 'quartzScheduler' with instanceId 'NON_CLUSTERED'
  Scheduler class: 'org.quartz.core.QuartzScheduler' - running locally.
  NOT STARTED.
  Currently in standby mode.
  Number of jobs executed: 0
  Using thread pool 'org.quartz.simpl.SimpleThreadPool' - with 10 threads.
  Using job-store 'org.quartz.simpl.RAMJobStore' - which does not support persistence. and is not clustered.

16:28:57.754 [restartedMain] INFO  o.q.i.StdSchedulerFactory - [instantiate,1374] - Quartz scheduler 'quartzScheduler' initialized from an externally provided properties instance.
16:28:57.754 [restartedMain] INFO  o.q.i.StdSchedulerFactory - [instantiate,1378] - Quartz scheduler version: 2.3.2
16:28:57.754 [restartedMain] INFO  o.q.c.QuartzScheduler - [setJobFactory,2293] - JobFactory set to: org.springframework.scheduling.quartz.SpringBeanJobFactory@759e6639
16:28:58.856 [restartedMain] INFO  o.a.c.h.Http11NioProtocol - [log,168] - Starting ProtocolHandler ["http-nio-8080"]
16:28:58.862 [restartedMain] INFO  o.q.c.QuartzScheduler - [start,547] - Scheduler quartzScheduler_$_NON_CLUSTERED started.
16:28:58.870 [restartedMain] INFO  c.z.RuoYiApplication - [logStarted,56] - Started RuoYiApplication in 5.075 seconds (process running for 5.406)
16:29:24.559 [http-nio-8080-exec-2] INFO  o.a.c.h.Http11Processor - [log,170] - Error parsing HTTP request header
 Note: further occurrences of HTTP request parsing errors will be logged at DEBUG level.
java.lang.IllegalArgumentException: Invalid character found in method name [0x160x030x010x060xf20x010x000x060xee0x030x030xb2"0x1f&0x850xdc0xaew0xe9$0xf30xfc0xb20x00!t0xd90x040xef"0xf10xfd0x1a0xb80xca0xe320x9c0xad0xc6IN ]. HTTP method names must be tokens
	at org.apache.coyote.http11.Http11InputBuffer.parseRequestLine(Http11InputBuffer.java:403)
	at org.apache.coyote.http11.Http11Processor.service(Http11Processor.java:271)
	at org.apache.coyote.AbstractProcessorLight.process(AbstractProcessorLight.java:63)
	at org.apache.coyote.AbstractProtocol$ConnectionHandler.process(AbstractProtocol.java:903)
	at org.apache.tomcat.util.net.NioEndpoint$SocketProcessor.doRun(NioEndpoint.java:1769)
	at org.apache.tomcat.util.net.SocketProcessorBase.run(SocketProcessorBase.java:52)
	at org.apache.tomcat.util.threads.ThreadPoolExecutor.runWorker(ThreadPoolExecutor.java:1189)
	at org.apache.tomcat.util.threads.ThreadPoolExecutor$Worker.run(ThreadPoolExecutor.java:658)
	at org.apache.tomcat.util.threads.TaskThread$WrappingRunnable.run(TaskThread.java:63)
	at java.base/java.lang.Thread.run(Thread.java:1447)
16:29:24.559 [http-nio-8080-exec-1] INFO  o.a.c.h.Http11Processor - [log,170] - Error parsing HTTP request header
 Note: further occurrences of HTTP request parsing errors will be logged at DEBUG level.
java.lang.IllegalArgumentException: Invalid character found in method name [0x160x030x010x060xd20x010x000x060xce0x030x030x100xda]0xdc0xe80xf80x1e)0xc320x170xefL0xda0xddr0x18r0xaa4.0xc6Z0xab0x160xde0xef0xdd0xc2=0xf00xca ]. HTTP method names must be tokens
	at org.apache.coyote.http11.Http11InputBuffer.parseRequestLine(Http11InputBuffer.java:403)
	at org.apache.coyote.http11.Http11Processor.service(Http11Processor.java:271)
	at org.apache.coyote.AbstractProcessorLight.process(AbstractProcessorLight.java:63)
	at org.apache.coyote.AbstractProtocol$ConnectionHandler.process(AbstractProtocol.java:903)
	at org.apache.tomcat.util.net.NioEndpoint$SocketProcessor.doRun(NioEndpoint.java:1769)
	at org.apache.tomcat.util.net.SocketProcessorBase.run(SocketProcessorBase.java:52)
	at org.apache.tomcat.util.threads.ThreadPoolExecutor.runWorker(ThreadPoolExecutor.java:1189)
	at org.apache.tomcat.util.threads.ThreadPoolExecutor$Worker.run(ThreadPoolExecutor.java:658)
	at org.apache.tomcat.util.threads.TaskThread$WrappingRunnable.run(TaskThread.java:63)
	at java.base/java.lang.Thread.run(Thread.java:1447)
16:29:44.793 [Thread-5] INFO  o.q.c.QuartzScheduler - [standby,585] - Scheduler quartzScheduler_$_NON_CLUSTERED paused.
16:29:44.798 [Thread-5] INFO  o.a.c.h.Http11NioProtocol - [log,168] - Stopping ProtocolHandler ["http-nio-8080"]
16:29:45.109 [Thread-5] INFO  o.q.c.QuartzScheduler - [shutdown,666] - Scheduler quartzScheduler_$_NON_CLUSTERED shutting down.
16:29:45.109 [Thread-5] INFO  o.q.c.QuartzScheduler - [standby,585] - Scheduler quartzScheduler_$_NON_CLUSTERED paused.
16:29:45.109 [Thread-5] INFO  o.q.c.QuartzScheduler - [shutdown,740] - Scheduler quartzScheduler_$_NON_CLUSTERED shutdown complete.
16:29:45.110 [Thread-5] INFO  sys-user - [shutdownAsyncManager,31] - ====关闭后台任务任务线程池====
16:29:45.132 [Thread-5] INFO  c.a.d.p.DruidDataSource - [close,2204] - {dataSource-1} closing ...
16:29:45.193 [Thread-5] INFO  c.a.d.p.DruidDataSource - [close,2277] - {dataSource-1} closed
16:29:45.492 [restartedMain] INFO  c.z.RuoYiApplication - [logStarting,50] - Starting RuoYiApplication using Java 24.0.2 with PID 76055 (/Users/molido/code/zzylBackend/zzyl-admin/target/classes started by molido in /Users/molido/code/zzylBackend/zzyl-admin)
16:29:45.493 [restartedMain] INFO  c.z.RuoYiApplication - [logStartupProfileInfo,654] - No active profile set, falling back to 1 default profile: "default"
16:29:46.192 [restartedMain] INFO  o.a.c.h.Http11NioProtocol - [log,168] - Initializing ProtocolHandler ["http-nio-8080"]
16:29:46.192 [restartedMain] INFO  o.a.c.c.StandardService - [log,168] - Starting service [Tomcat]
16:29:46.192 [restartedMain] INFO  o.a.c.c.StandardEngine - [log,168] - Starting Servlet engine: [Apache Tomcat/10.1.42]
16:29:46.199 [restartedMain] INFO  o.a.c.c.C.[.[.[/] - [log,168] - Initializing Spring embedded WebApplicationContext
16:29:46.417 [restartedMain] INFO  c.a.d.p.DruidDataSource - [init,1002] - {dataSource-2} inited
16:29:47.147 [restartedMain] INFO  o.q.i.StdSchedulerFactory - [instantiate,1220] - Using default implementation for ThreadExecutor
16:29:47.149 [restartedMain] INFO  o.q.c.SchedulerSignalerImpl - [<init>,61] - Initialized Scheduler Signaller of type: class org.quartz.core.SchedulerSignalerImpl
16:29:47.149 [restartedMain] INFO  o.q.c.QuartzScheduler - [<init>,229] - Quartz Scheduler v.2.3.2 created.
16:29:47.149 [restartedMain] INFO  o.q.s.RAMJobStore - [initialize,155] - RAMJobStore initialized.
16:29:47.149 [restartedMain] INFO  o.q.c.QuartzScheduler - [initialize,294] - Scheduler meta-data: Quartz Scheduler (v2.3.2) 'quartzScheduler' with instanceId 'NON_CLUSTERED'
  Scheduler class: 'org.quartz.core.QuartzScheduler' - running locally.
  NOT STARTED.
  Currently in standby mode.
  Number of jobs executed: 0
  Using thread pool 'org.quartz.simpl.SimpleThreadPool' - with 10 threads.
  Using job-store 'org.quartz.simpl.RAMJobStore' - which does not support persistence. and is not clustered.

16:29:47.149 [restartedMain] INFO  o.q.i.StdSchedulerFactory - [instantiate,1374] - Quartz scheduler 'quartzScheduler' initialized from an externally provided properties instance.
16:29:47.149 [restartedMain] INFO  o.q.i.StdSchedulerFactory - [instantiate,1378] - Quartz scheduler version: 2.3.2
16:29:47.149 [restartedMain] INFO  o.q.c.QuartzScheduler - [setJobFactory,2293] - JobFactory set to: org.springframework.scheduling.quartz.SpringBeanJobFactory@2faf67c4
16:29:47.924 [restartedMain] INFO  o.a.c.h.Http11NioProtocol - [log,168] - Starting ProtocolHandler ["http-nio-8080"]
16:29:47.933 [restartedMain] INFO  o.q.c.QuartzScheduler - [start,547] - Scheduler quartzScheduler_$_NON_CLUSTERED started.
16:29:47.937 [restartedMain] INFO  c.z.RuoYiApplication - [logStarted,56] - Started RuoYiApplication in 2.52 seconds (process running for 54.474)
16:30:04.875 [http-nio-8080-exec-2] INFO  o.a.c.h.Http11Processor - [log,170] - Error parsing HTTP request header
 Note: further occurrences of HTTP request parsing errors will be logged at DEBUG level.
java.lang.IllegalArgumentException: Invalid character found in method name [0x160x030x010x070x120x010x000x070x0e0x030x030x9dR0x12aym0x9c0x91_]0xaf0x0aU0x150xd6L0x980xa60xaf0xc10xe3K0xfc0x07_0xf40xb8:qh0x8b@ ]. HTTP method names must be tokens
	at org.apache.coyote.http11.Http11InputBuffer.parseRequestLine(Http11InputBuffer.java:403)
	at org.apache.coyote.http11.Http11Processor.service(Http11Processor.java:271)
	at org.apache.coyote.AbstractProcessorLight.process(AbstractProcessorLight.java:63)
	at org.apache.coyote.AbstractProtocol$ConnectionHandler.process(AbstractProtocol.java:903)
	at org.apache.tomcat.util.net.NioEndpoint$SocketProcessor.doRun(NioEndpoint.java:1769)
	at org.apache.tomcat.util.net.SocketProcessorBase.run(SocketProcessorBase.java:52)
	at org.apache.tomcat.util.threads.ThreadPoolExecutor.runWorker(ThreadPoolExecutor.java:1189)
	at org.apache.tomcat.util.threads.ThreadPoolExecutor$Worker.run(ThreadPoolExecutor.java:658)
	at org.apache.tomcat.util.threads.TaskThread$WrappingRunnable.run(TaskThread.java:63)
	at java.base/java.lang.Thread.run(Thread.java:1447)
16:30:04.875 [http-nio-8080-exec-1] INFO  o.a.c.h.Http11Processor - [log,170] - Error parsing HTTP request header
 Note: further occurrences of HTTP request parsing errors will be logged at DEBUG level.
java.lang.IllegalArgumentException: Invalid character found in method name [0x160x030x010x060xb20x010x000x060xae0x030x03u]R0xa60xfb?0x980xa90x9a0xa83N0x030xf7oQG.0x0a?$0xac0xf80xbd0xcd0xa10x9e0xbb0x080xf90xcc0x12 ]. HTTP method names must be tokens
	at org.apache.coyote.http11.Http11InputBuffer.parseRequestLine(Http11InputBuffer.java:403)
	at org.apache.coyote.http11.Http11Processor.service(Http11Processor.java:271)
	at org.apache.coyote.AbstractProcessorLight.process(AbstractProcessorLight.java:63)
	at org.apache.coyote.AbstractProtocol$ConnectionHandler.process(AbstractProtocol.java:903)
	at org.apache.tomcat.util.net.NioEndpoint$SocketProcessor.doRun(NioEndpoint.java:1769)
	at org.apache.tomcat.util.net.SocketProcessorBase.run(SocketProcessorBase.java:52)
	at org.apache.tomcat.util.threads.ThreadPoolExecutor.runWorker(ThreadPoolExecutor.java:1189)
	at org.apache.tomcat.util.threads.ThreadPoolExecutor$Worker.run(ThreadPoolExecutor.java:658)
	at org.apache.tomcat.util.threads.TaskThread$WrappingRunnable.run(TaskThread.java:63)
	at java.base/java.lang.Thread.run(Thread.java:1447)
16:32:29.596 [http-nio-8080-exec-9] INFO  o.a.c.c.C.[.[.[/] - [log,168] - Initializing Spring DispatcherServlet 'dispatcherServlet'
16:37:48.842 [Thread-7] INFO  o.q.c.QuartzScheduler - [standby,585] - Scheduler quartzScheduler_$_NON_CLUSTERED paused.
16:37:48.877 [Thread-7] INFO  o.a.c.h.Http11NioProtocol - [log,168] - Stopping ProtocolHandler ["http-nio-8080"]
16:37:48.959 [Thread-7] INFO  o.q.c.QuartzScheduler - [shutdown,666] - Scheduler quartzScheduler_$_NON_CLUSTERED shutting down.
16:37:48.959 [Thread-7] INFO  o.q.c.QuartzScheduler - [standby,585] - Scheduler quartzScheduler_$_NON_CLUSTERED paused.
16:37:48.960 [Thread-7] INFO  o.q.c.QuartzScheduler - [shutdown,740] - Scheduler quartzScheduler_$_NON_CLUSTERED shutdown complete.
16:37:48.962 [Thread-7] INFO  sys-user - [shutdownAsyncManager,31] - ====关闭后台任务任务线程池====
16:37:48.974 [Thread-7] INFO  c.a.d.p.DruidDataSource - [close,2204] - {dataSource-2} closing ...
16:37:48.985 [Thread-7] INFO  c.a.d.p.DruidDataSource - [close,2277] - {dataSource-2} closed
16:37:49.358 [restartedMain] INFO  c.z.RuoYiApplication - [logStarting,50] - Starting RuoYiApplication using Java 24.0.2 with PID 76055 (/Users/molido/code/zzylBackend/zzyl-admin/target/classes started by molido in /Users/molido/code/zzylBackend/zzyl-admin)
16:37:49.359 [restartedMain] INFO  c.z.RuoYiApplication - [logStartupProfileInfo,654] - No active profile set, falling back to 1 default profile: "default"
16:37:50.027 [restartedMain] INFO  o.a.c.h.Http11NioProtocol - [log,168] - Initializing ProtocolHandler ["http-nio-8080"]
16:37:50.031 [restartedMain] INFO  o.a.c.c.StandardService - [log,168] - Starting service [Tomcat]
16:37:50.031 [restartedMain] INFO  o.a.c.c.StandardEngine - [log,168] - Starting Servlet engine: [Apache Tomcat/10.1.42]
16:37:50.042 [restartedMain] INFO  o.a.c.c.C.[.[.[/] - [log,168] - Initializing Spring embedded WebApplicationContext
16:37:50.464 [restartedMain] INFO  c.a.d.p.DruidDataSource - [init,1002] - {dataSource-3} inited
16:37:51.531 [restartedMain] INFO  o.q.i.StdSchedulerFactory - [instantiate,1220] - Using default implementation for ThreadExecutor
16:37:51.534 [restartedMain] INFO  o.q.c.SchedulerSignalerImpl - [<init>,61] - Initialized Scheduler Signaller of type: class org.quartz.core.SchedulerSignalerImpl
16:37:51.535 [restartedMain] INFO  o.q.c.QuartzScheduler - [<init>,229] - Quartz Scheduler v.2.3.2 created.
16:37:51.536 [restartedMain] INFO  o.q.s.RAMJobStore - [initialize,155] - RAMJobStore initialized.
16:37:51.536 [restartedMain] INFO  o.q.c.QuartzScheduler - [initialize,294] - Scheduler meta-data: Quartz Scheduler (v2.3.2) 'quartzScheduler' with instanceId 'NON_CLUSTERED'
  Scheduler class: 'org.quartz.core.QuartzScheduler' - running locally.
  NOT STARTED.
  Currently in standby mode.
  Number of jobs executed: 0
  Using thread pool 'org.quartz.simpl.SimpleThreadPool' - with 10 threads.
  Using job-store 'org.quartz.simpl.RAMJobStore' - which does not support persistence. and is not clustered.

16:37:51.536 [restartedMain] INFO  o.q.i.StdSchedulerFactory - [instantiate,1374] - Quartz scheduler 'quartzScheduler' initialized from an externally provided properties instance.
16:37:51.539 [restartedMain] INFO  o.q.i.StdSchedulerFactory - [instantiate,1378] - Quartz scheduler version: 2.3.2
16:37:51.540 [restartedMain] INFO  o.q.c.QuartzScheduler - [setJobFactory,2293] - JobFactory set to: org.springframework.scheduling.quartz.SpringBeanJobFactory@14d5ac12
16:37:52.977 [restartedMain] INFO  o.a.c.h.Http11NioProtocol - [log,168] - Starting ProtocolHandler ["http-nio-8080"]
16:37:52.980 [restartedMain] INFO  o.q.c.QuartzScheduler - [start,547] - Scheduler quartzScheduler_$_NON_CLUSTERED started.
16:37:53.002 [restartedMain] INFO  c.z.RuoYiApplication - [logStarted,56] - Started RuoYiApplication in 3.698 seconds (process running for 539.512)
16:37:59.485 [Thread-11] INFO  o.q.c.QuartzScheduler - [standby,585] - Scheduler quartzScheduler_$_NON_CLUSTERED paused.
16:37:59.489 [Thread-11] INFO  o.a.c.h.Http11NioProtocol - [log,168] - Stopping ProtocolHandler ["http-nio-8080"]
16:38:01.193 [Thread-11] INFO  o.q.c.QuartzScheduler - [shutdown,666] - Scheduler quartzScheduler_$_NON_CLUSTERED shutting down.
16:38:01.194 [Thread-11] INFO  o.q.c.QuartzScheduler - [standby,585] - Scheduler quartzScheduler_$_NON_CLUSTERED paused.
16:38:01.195 [Thread-11] INFO  o.q.c.QuartzScheduler - [shutdown,740] - Scheduler quartzScheduler_$_NON_CLUSTERED shutdown complete.
16:38:01.195 [Thread-11] INFO  sys-user - [shutdownAsyncManager,31] - ====关闭后台任务任务线程池====
16:38:01.201 [Thread-11] INFO  c.a.d.p.DruidDataSource - [close,2204] - {dataSource-3} closing ...
16:38:01.205 [Thread-11] INFO  c.a.d.p.DruidDataSource - [close,2277] - {dataSource-3} closed
16:38:01.360 [restartedMain] INFO  c.z.RuoYiApplication - [logStarting,50] - Starting RuoYiApplication using Java 24.0.2 with PID 76055 (/Users/molido/code/zzylBackend/zzyl-admin/target/classes started by molido in /Users/molido/code/zzylBackend/zzyl-admin)
16:38:01.360 [restartedMain] INFO  c.z.RuoYiApplication - [logStartupProfileInfo,654] - No active profile set, falling back to 1 default profile: "default"
16:38:01.877 [restartedMain] INFO  o.a.c.h.Http11NioProtocol - [log,168] - Initializing ProtocolHandler ["http-nio-8080"]
16:38:01.878 [restartedMain] INFO  o.a.c.c.StandardService - [log,168] - Starting service [Tomcat]
16:38:01.878 [restartedMain] INFO  o.a.c.c.StandardEngine - [log,168] - Starting Servlet engine: [Apache Tomcat/10.1.42]
16:38:01.887 [restartedMain] INFO  o.a.c.c.C.[.[.[/] - [log,168] - Initializing Spring embedded WebApplicationContext
16:38:02.196 [restartedMain] INFO  c.a.d.p.DruidDataSource - [init,1002] - {dataSource-4} inited
16:38:03.391 [restartedMain] INFO  o.q.i.StdSchedulerFactory - [instantiate,1220] - Using default implementation for ThreadExecutor
16:38:03.393 [restartedMain] INFO  o.q.c.SchedulerSignalerImpl - [<init>,61] - Initialized Scheduler Signaller of type: class org.quartz.core.SchedulerSignalerImpl
16:38:03.393 [restartedMain] INFO  o.q.c.QuartzScheduler - [<init>,229] - Quartz Scheduler v.2.3.2 created.
16:38:03.393 [restartedMain] INFO  o.q.s.RAMJobStore - [initialize,155] - RAMJobStore initialized.
16:38:03.393 [restartedMain] INFO  o.q.c.QuartzScheduler - [initialize,294] - Scheduler meta-data: Quartz Scheduler (v2.3.2) 'quartzScheduler' with instanceId 'NON_CLUSTERED'
  Scheduler class: 'org.quartz.core.QuartzScheduler' - running locally.
  NOT STARTED.
  Currently in standby mode.
  Number of jobs executed: 0
  Using thread pool 'org.quartz.simpl.SimpleThreadPool' - with 10 threads.
  Using job-store 'org.quartz.simpl.RAMJobStore' - which does not support persistence. and is not clustered.

16:38:03.393 [restartedMain] INFO  o.q.i.StdSchedulerFactory - [instantiate,1374] - Quartz scheduler 'quartzScheduler' initialized from an externally provided properties instance.
16:38:03.393 [restartedMain] INFO  o.q.i.StdSchedulerFactory - [instantiate,1378] - Quartz scheduler version: 2.3.2
16:38:03.393 [restartedMain] INFO  o.q.c.QuartzScheduler - [setJobFactory,2293] - JobFactory set to: org.springframework.scheduling.quartz.SpringBeanJobFactory@4637f41f
16:38:05.142 [restartedMain] INFO  o.a.c.h.Http11NioProtocol - [log,168] - Starting ProtocolHandler ["http-nio-8080"]
16:38:05.145 [restartedMain] INFO  o.q.c.QuartzScheduler - [start,547] - Scheduler quartzScheduler_$_NON_CLUSTERED started.
16:38:05.155 [restartedMain] INFO  c.z.RuoYiApplication - [logStarted,56] - Started RuoYiApplication in 3.812 seconds (process running for 551.666)
16:38:06.529 [Thread-15] INFO  o.q.c.QuartzScheduler - [standby,585] - Scheduler quartzScheduler_$_NON_CLUSTERED paused.
16:38:06.532 [Thread-15] INFO  o.a.c.h.Http11NioProtocol - [log,168] - Stopping ProtocolHandler ["http-nio-8080"]
16:38:06.543 [Thread-15] INFO  o.q.c.QuartzScheduler - [shutdown,666] - Scheduler quartzScheduler_$_NON_CLUSTERED shutting down.
16:38:06.543 [Thread-15] INFO  o.q.c.QuartzScheduler - [standby,585] - Scheduler quartzScheduler_$_NON_CLUSTERED paused.
16:38:06.543 [Thread-15] INFO  o.q.c.QuartzScheduler - [shutdown,740] - Scheduler quartzScheduler_$_NON_CLUSTERED shutdown complete.
16:38:06.543 [Thread-15] INFO  sys-user - [shutdownAsyncManager,31] - ====关闭后台任务任务线程池====
16:38:06.547 [Thread-15] INFO  c.a.d.p.DruidDataSource - [close,2204] - {dataSource-4} closing ...
16:38:06.549 [Thread-15] INFO  c.a.d.p.DruidDataSource - [close,2277] - {dataSource-4} closed
16:38:06.642 [restartedMain] INFO  c.z.RuoYiApplication - [logStarting,50] - Starting RuoYiApplication using Java 24.0.2 with PID 76055 (/Users/molido/code/zzylBackend/zzyl-admin/target/classes started by molido in /Users/molido/code/zzylBackend/zzyl-admin)
16:38:06.643 [restartedMain] INFO  c.z.RuoYiApplication - [logStartupProfileInfo,654] - No active profile set, falling back to 1 default profile: "default"
16:38:06.957 [restartedMain] INFO  o.a.c.h.Http11NioProtocol - [log,168] - Initializing ProtocolHandler ["http-nio-8080"]
16:38:06.959 [restartedMain] INFO  o.a.c.c.StandardService - [log,168] - Starting service [Tomcat]
16:38:06.959 [restartedMain] INFO  o.a.c.c.StandardEngine - [log,168] - Starting Servlet engine: [Apache Tomcat/10.1.42]
16:38:06.967 [restartedMain] INFO  o.a.c.c.C.[.[.[/] - [log,168] - Initializing Spring embedded WebApplicationContext
16:38:07.172 [restartedMain] INFO  c.a.d.p.DruidDataSource - [init,1002] - {dataSource-5} inited
16:38:07.714 [restartedMain] INFO  o.q.i.StdSchedulerFactory - [instantiate,1220] - Using default implementation for ThreadExecutor
16:38:07.715 [restartedMain] INFO  o.q.c.SchedulerSignalerImpl - [<init>,61] - Initialized Scheduler Signaller of type: class org.quartz.core.SchedulerSignalerImpl
16:38:07.715 [restartedMain] INFO  o.q.c.QuartzScheduler - [<init>,229] - Quartz Scheduler v.2.3.2 created.
16:38:07.715 [restartedMain] INFO  o.q.s.RAMJobStore - [initialize,155] - RAMJobStore initialized.
16:38:07.715 [restartedMain] INFO  o.q.c.QuartzScheduler - [initialize,294] - Scheduler meta-data: Quartz Scheduler (v2.3.2) 'quartzScheduler' with instanceId 'NON_CLUSTERED'
  Scheduler class: 'org.quartz.core.QuartzScheduler' - running locally.
  NOT STARTED.
  Currently in standby mode.
  Number of jobs executed: 0
  Using thread pool 'org.quartz.simpl.SimpleThreadPool' - with 10 threads.
  Using job-store 'org.quartz.simpl.RAMJobStore' - which does not support persistence. and is not clustered.

16:38:07.715 [restartedMain] INFO  o.q.i.StdSchedulerFactory - [instantiate,1374] - Quartz scheduler 'quartzScheduler' initialized from an externally provided properties instance.
16:38:07.715 [restartedMain] INFO  o.q.i.StdSchedulerFactory - [instantiate,1378] - Quartz scheduler version: 2.3.2
16:38:07.715 [restartedMain] INFO  o.q.c.QuartzScheduler - [setJobFactory,2293] - JobFactory set to: org.springframework.scheduling.quartz.SpringBeanJobFactory@7ae4e7f
16:38:08.312 [restartedMain] INFO  o.a.c.h.Http11NioProtocol - [log,168] - Starting ProtocolHandler ["http-nio-8080"]
16:38:08.314 [restartedMain] INFO  o.q.c.QuartzScheduler - [start,547] - Scheduler quartzScheduler_$_NON_CLUSTERED started.
16:38:08.317 [restartedMain] INFO  c.z.RuoYiApplication - [logStarted,56] - Started RuoYiApplication in 1.691 seconds (process running for 554.828)
16:38:56.030 [http-nio-8080-exec-1] INFO  o.a.c.c.C.[.[.[/] - [log,168] - Initializing Spring DispatcherServlet 'dispatcherServlet'
16:39:33.689 [SpringApplicationShutdownHook] INFO  o.q.c.QuartzScheduler - [standby,585] - Scheduler quartzScheduler_$_NON_CLUSTERED paused.
16:39:35.590 [SpringApplicationShutdownHook] INFO  o.q.c.QuartzScheduler - [shutdown,666] - Scheduler quartzScheduler_$_NON_CLUSTERED shutting down.
16:39:35.595 [SpringApplicationShutdownHook] INFO  o.q.c.QuartzScheduler - [standby,585] - Scheduler quartzScheduler_$_NON_CLUSTERED paused.
16:39:35.595 [SpringApplicationShutdownHook] INFO  o.q.c.QuartzScheduler - [shutdown,740] - Scheduler quartzScheduler_$_NON_CLUSTERED shutdown complete.
16:39:35.596 [SpringApplicationShutdownHook] INFO  sys-user - [shutdownAsyncManager,31] - ====关闭后台任务任务线程池====
16:39:35.623 [SpringApplicationShutdownHook] INFO  c.a.d.p.DruidDataSource - [close,2204] - {dataSource-5} closing ...
16:39:35.644 [SpringApplicationShutdownHook] INFO  c.a.d.p.DruidDataSource - [close,2277] - {dataSource-5} closed
16:41:49.227 [background-preinit] INFO  o.h.v.i.util.Version - [<clinit>,21] - HV000001: Hibernate Validator 8.0.2.Final
16:41:49.269 [restartedMain] INFO  c.z.RuoYiApplication - [logStarting,50] - Starting RuoYiApplication using Java 24.0.2 with PID 78485 (/Users/molido/code/zzylBackend/zzyl-admin/target/classes started by molido in /Users/molido/code/zzylBackend/zzyl-admin)
16:41:49.272 [restartedMain] INFO  c.z.RuoYiApplication - [logStartupProfileInfo,654] - No active profile set, falling back to 1 default profile: "default"
16:41:50.717 [restartedMain] INFO  o.a.c.h.Http11NioProtocol - [log,168] - Initializing ProtocolHandler ["http-nio-8080"]
16:41:50.719 [restartedMain] INFO  o.a.c.c.StandardService - [log,168] - Starting service [Tomcat]
16:41:50.719 [restartedMain] INFO  o.a.c.c.StandardEngine - [log,168] - Starting Servlet engine: [Apache Tomcat/10.1.42]
16:41:50.757 [restartedMain] INFO  o.a.c.c.C.[.[.[/] - [log,168] - Initializing Spring embedded WebApplicationContext
16:41:51.713 [restartedMain] INFO  c.a.d.p.DruidDataSource - [init,1002] - {dataSource-1} inited
16:41:53.236 [restartedMain] INFO  o.q.i.StdSchedulerFactory - [instantiate,1220] - Using default implementation for ThreadExecutor
16:41:53.244 [restartedMain] INFO  o.q.c.SchedulerSignalerImpl - [<init>,61] - Initialized Scheduler Signaller of type: class org.quartz.core.SchedulerSignalerImpl
16:41:53.245 [restartedMain] INFO  o.q.c.QuartzScheduler - [<init>,229] - Quartz Scheduler v.2.3.2 created.
16:41:53.247 [restartedMain] INFO  o.q.s.RAMJobStore - [initialize,155] - RAMJobStore initialized.
16:41:53.248 [restartedMain] INFO  o.q.c.QuartzScheduler - [initialize,294] - Scheduler meta-data: Quartz Scheduler (v2.3.2) 'quartzScheduler' with instanceId 'NON_CLUSTERED'
  Scheduler class: 'org.quartz.core.QuartzScheduler' - running locally.
  NOT STARTED.
  Currently in standby mode.
  Number of jobs executed: 0
  Using thread pool 'org.quartz.simpl.SimpleThreadPool' - with 10 threads.
  Using job-store 'org.quartz.simpl.RAMJobStore' - which does not support persistence. and is not clustered.

16:41:53.248 [restartedMain] INFO  o.q.i.StdSchedulerFactory - [instantiate,1374] - Quartz scheduler 'quartzScheduler' initialized from an externally provided properties instance.
16:41:53.249 [restartedMain] INFO  o.q.i.StdSchedulerFactory - [instantiate,1378] - Quartz scheduler version: 2.3.2
16:41:53.249 [restartedMain] INFO  o.q.c.QuartzScheduler - [setJobFactory,2293] - JobFactory set to: org.springframework.scheduling.quartz.SpringBeanJobFactory@541b8b71
16:41:54.295 [restartedMain] INFO  o.a.c.h.Http11NioProtocol - [log,168] - Starting ProtocolHandler ["http-nio-8080"]
16:41:54.301 [restartedMain] INFO  o.q.c.QuartzScheduler - [start,547] - Scheduler quartzScheduler_$_NON_CLUSTERED started.
16:41:54.308 [restartedMain] INFO  c.z.RuoYiApplication - [logStarted,56] - Started RuoYiApplication in 5.263 seconds (process running for 5.626)
16:42:04.495 [http-nio-8080-exec-1] INFO  o.a.c.c.C.[.[.[/] - [log,168] - Initializing Spring DispatcherServlet 'dispatcherServlet'
16:43:09.840 [Thread-5] INFO  o.q.c.QuartzScheduler - [standby,585] - Scheduler quartzScheduler_$_NON_CLUSTERED paused.
16:43:09.846 [Thread-5] INFO  o.a.c.h.Http11NioProtocol - [log,168] - Stopping ProtocolHandler ["http-nio-8080"]
16:43:11.578 [Thread-5] INFO  o.q.c.QuartzScheduler - [shutdown,666] - Scheduler quartzScheduler_$_NON_CLUSTERED shutting down.
16:43:11.579 [Thread-5] INFO  o.q.c.QuartzScheduler - [standby,585] - Scheduler quartzScheduler_$_NON_CLUSTERED paused.
16:43:11.580 [Thread-5] INFO  o.q.c.QuartzScheduler - [shutdown,740] - Scheduler quartzScheduler_$_NON_CLUSTERED shutdown complete.
16:43:11.580 [Thread-5] INFO  sys-user - [shutdownAsyncManager,31] - ====关闭后台任务任务线程池====
16:43:11.586 [Thread-5] INFO  c.a.d.p.DruidDataSource - [close,2204] - {dataSource-1} closing ...
16:43:11.602 [Thread-5] INFO  c.a.d.p.DruidDataSource - [close,2277] - {dataSource-1} closed
16:43:11.797 [restartedMain] INFO  c.z.RuoYiApplication - [logStarting,50] - Starting RuoYiApplication using Java 24.0.2 with PID 78485 (/Users/molido/code/zzylBackend/zzyl-admin/target/classes started by molido in /Users/molido/code/zzylBackend/zzyl-admin)
16:43:11.797 [restartedMain] INFO  c.z.RuoYiApplication - [logStartupProfileInfo,654] - No active profile set, falling back to 1 default profile: "default"
16:43:12.353 [restartedMain] INFO  o.a.c.h.Http11NioProtocol - [log,168] - Initializing ProtocolHandler ["http-nio-8080"]
16:43:12.353 [restartedMain] INFO  o.a.c.c.StandardService - [log,168] - Starting service [Tomcat]
16:43:12.353 [restartedMain] INFO  o.a.c.c.StandardEngine - [log,168] - Starting Servlet engine: [Apache Tomcat/10.1.42]
16:43:12.363 [restartedMain] INFO  o.a.c.c.C.[.[.[/] - [log,168] - Initializing Spring embedded WebApplicationContext
16:43:12.592 [restartedMain] INFO  c.a.d.p.DruidDataSource - [init,1002] - {dataSource-2} inited
16:43:13.603 [restartedMain] INFO  o.q.i.StdSchedulerFactory - [instantiate,1220] - Using default implementation for ThreadExecutor
16:43:13.610 [restartedMain] INFO  o.q.c.SchedulerSignalerImpl - [<init>,61] - Initialized Scheduler Signaller of type: class org.quartz.core.SchedulerSignalerImpl
16:43:13.611 [restartedMain] INFO  o.q.c.QuartzScheduler - [<init>,229] - Quartz Scheduler v.2.3.2 created.
16:43:13.611 [restartedMain] INFO  o.q.s.RAMJobStore - [initialize,155] - RAMJobStore initialized.
16:43:13.611 [restartedMain] INFO  o.q.c.QuartzScheduler - [initialize,294] - Scheduler meta-data: Quartz Scheduler (v2.3.2) 'quartzScheduler' with instanceId 'NON_CLUSTERED'
  Scheduler class: 'org.quartz.core.QuartzScheduler' - running locally.
  NOT STARTED.
  Currently in standby mode.
  Number of jobs executed: 0
  Using thread pool 'org.quartz.simpl.SimpleThreadPool' - with 10 threads.
  Using job-store 'org.quartz.simpl.RAMJobStore' - which does not support persistence. and is not clustered.

16:43:13.611 [restartedMain] INFO  o.q.i.StdSchedulerFactory - [instantiate,1374] - Quartz scheduler 'quartzScheduler' initialized from an externally provided properties instance.
16:43:13.611 [restartedMain] INFO  o.q.i.StdSchedulerFactory - [instantiate,1378] - Quartz scheduler version: 2.3.2
16:43:13.611 [restartedMain] INFO  o.q.c.QuartzScheduler - [setJobFactory,2293] - JobFactory set to: org.springframework.scheduling.quartz.SpringBeanJobFactory@214851a0
16:43:14.806 [restartedMain] INFO  o.a.c.h.Http11NioProtocol - [log,168] - Starting ProtocolHandler ["http-nio-8080"]
16:43:14.810 [restartedMain] INFO  o.q.c.QuartzScheduler - [start,547] - Scheduler quartzScheduler_$_NON_CLUSTERED started.
16:43:14.813 [restartedMain] INFO  c.z.RuoYiApplication - [logStarted,56] - Started RuoYiApplication in 3.046 seconds (process running for 86.131)
16:43:17.215 [Thread-7] INFO  o.q.c.QuartzScheduler - [standby,585] - Scheduler quartzScheduler_$_NON_CLUSTERED paused.
16:43:17.223 [Thread-7] INFO  o.a.c.h.Http11NioProtocol - [log,168] - Stopping ProtocolHandler ["http-nio-8080"]
16:43:17.244 [Thread-7] INFO  o.q.c.QuartzScheduler - [shutdown,666] - Scheduler quartzScheduler_$_NON_CLUSTERED shutting down.
16:43:17.244 [Thread-7] INFO  o.q.c.QuartzScheduler - [standby,585] - Scheduler quartzScheduler_$_NON_CLUSTERED paused.
16:43:17.244 [Thread-7] INFO  o.q.c.QuartzScheduler - [shutdown,740] - Scheduler quartzScheduler_$_NON_CLUSTERED shutdown complete.
16:43:17.244 [Thread-7] INFO  sys-user - [shutdownAsyncManager,31] - ====关闭后台任务任务线程池====
16:43:17.246 [Thread-7] INFO  c.a.d.p.DruidDataSource - [close,2204] - {dataSource-2} closing ...
16:43:17.248 [Thread-7] INFO  c.a.d.p.DruidDataSource - [close,2277] - {dataSource-2} closed
16:43:17.388 [restartedMain] INFO  c.z.RuoYiApplication - [logStarting,50] - Starting RuoYiApplication using Java 24.0.2 with PID 78485 (/Users/molido/code/zzylBackend/zzyl-admin/target/classes started by molido in /Users/molido/code/zzylBackend/zzyl-admin)
16:43:17.388 [restartedMain] INFO  c.z.RuoYiApplication - [logStartupProfileInfo,654] - No active profile set, falling back to 1 default profile: "default"
16:43:17.748 [restartedMain] INFO  o.a.c.h.Http11NioProtocol - [log,168] - Initializing ProtocolHandler ["http-nio-8080"]
16:43:17.748 [restartedMain] INFO  o.a.c.c.StandardService - [log,168] - Starting service [Tomcat]
16:43:17.748 [restartedMain] INFO  o.a.c.c.StandardEngine - [log,168] - Starting Servlet engine: [Apache Tomcat/10.1.42]
16:43:17.754 [restartedMain] INFO  o.a.c.c.C.[.[.[/] - [log,168] - Initializing Spring embedded WebApplicationContext
16:43:17.932 [restartedMain] INFO  c.a.d.p.DruidDataSource - [init,1002] - {dataSource-3} inited
16:43:18.529 [restartedMain] INFO  o.q.i.StdSchedulerFactory - [instantiate,1220] - Using default implementation for ThreadExecutor
16:43:18.530 [restartedMain] INFO  o.q.c.SchedulerSignalerImpl - [<init>,61] - Initialized Scheduler Signaller of type: class org.quartz.core.SchedulerSignalerImpl
16:43:18.530 [restartedMain] INFO  o.q.c.QuartzScheduler - [<init>,229] - Quartz Scheduler v.2.3.2 created.
16:43:18.530 [restartedMain] INFO  o.q.s.RAMJobStore - [initialize,155] - RAMJobStore initialized.
16:43:18.530 [restartedMain] INFO  o.q.c.QuartzScheduler - [initialize,294] - Scheduler meta-data: Quartz Scheduler (v2.3.2) 'quartzScheduler' with instanceId 'NON_CLUSTERED'
  Scheduler class: 'org.quartz.core.QuartzScheduler' - running locally.
  NOT STARTED.
  Currently in standby mode.
  Number of jobs executed: 0
  Using thread pool 'org.quartz.simpl.SimpleThreadPool' - with 10 threads.
  Using job-store 'org.quartz.simpl.RAMJobStore' - which does not support persistence. and is not clustered.

16:43:18.530 [restartedMain] INFO  o.q.i.StdSchedulerFactory - [instantiate,1374] - Quartz scheduler 'quartzScheduler' initialized from an externally provided properties instance.
16:43:18.530 [restartedMain] INFO  o.q.i.StdSchedulerFactory - [instantiate,1378] - Quartz scheduler version: 2.3.2
16:43:18.531 [restartedMain] INFO  o.q.c.QuartzScheduler - [setJobFactory,2293] - JobFactory set to: org.springframework.scheduling.quartz.SpringBeanJobFactory@366f2870
16:43:19.310 [restartedMain] INFO  o.a.c.h.Http11NioProtocol - [log,168] - Starting ProtocolHandler ["http-nio-8080"]
16:43:19.314 [restartedMain] INFO  o.q.c.QuartzScheduler - [start,547] - Scheduler quartzScheduler_$_NON_CLUSTERED started.
16:43:19.319 [restartedMain] INFO  c.z.RuoYiApplication - [logStarted,56] - Started RuoYiApplication in 1.946 seconds (process running for 90.637)
16:43:20.711 [Thread-11] INFO  o.q.c.QuartzScheduler - [standby,585] - Scheduler quartzScheduler_$_NON_CLUSTERED paused.
16:43:20.712 [Thread-11] INFO  o.a.c.h.Http11NioProtocol - [log,168] - Stopping ProtocolHandler ["http-nio-8080"]
16:43:20.734 [Thread-11] INFO  o.q.c.QuartzScheduler - [shutdown,666] - Scheduler quartzScheduler_$_NON_CLUSTERED shutting down.
16:43:20.735 [Thread-11] INFO  o.q.c.QuartzScheduler - [standby,585] - Scheduler quartzScheduler_$_NON_CLUSTERED paused.
16:43:20.735 [Thread-11] INFO  o.q.c.QuartzScheduler - [shutdown,740] - Scheduler quartzScheduler_$_NON_CLUSTERED shutdown complete.
16:43:20.736 [Thread-11] INFO  sys-user - [shutdownAsyncManager,31] - ====关闭后台任务任务线程池====
16:43:20.740 [Thread-11] INFO  c.a.d.p.DruidDataSource - [close,2204] - {dataSource-3} closing ...
16:43:20.743 [Thread-11] INFO  c.a.d.p.DruidDataSource - [close,2277] - {dataSource-3} closed
16:43:20.854 [restartedMain] INFO  c.z.RuoYiApplication - [logStarting,50] - Starting RuoYiApplication using Java 24.0.2 with PID 78485 (/Users/molido/code/zzylBackend/zzyl-admin/target/classes started by molido in /Users/molido/code/zzylBackend/zzyl-admin)
16:43:20.854 [restartedMain] INFO  c.z.RuoYiApplication - [logStartupProfileInfo,654] - No active profile set, falling back to 1 default profile: "default"
16:43:21.160 [restartedMain] INFO  o.a.c.h.Http11NioProtocol - [log,168] - Initializing ProtocolHandler ["http-nio-8080"]
16:43:21.161 [restartedMain] INFO  o.a.c.c.StandardService - [log,168] - Starting service [Tomcat]
16:43:21.161 [restartedMain] INFO  o.a.c.c.StandardEngine - [log,168] - Starting Servlet engine: [Apache Tomcat/10.1.42]
16:43:21.166 [restartedMain] INFO  o.a.c.c.C.[.[.[/] - [log,168] - Initializing Spring embedded WebApplicationContext
16:43:21.363 [restartedMain] INFO  c.a.d.p.DruidDataSource - [init,1002] - {dataSource-4} inited
16:43:22.032 [restartedMain] INFO  o.q.i.StdSchedulerFactory - [instantiate,1220] - Using default implementation for ThreadExecutor
16:43:22.032 [restartedMain] INFO  o.q.c.SchedulerSignalerImpl - [<init>,61] - Initialized Scheduler Signaller of type: class org.quartz.core.SchedulerSignalerImpl
16:43:22.033 [restartedMain] INFO  o.q.c.QuartzScheduler - [<init>,229] - Quartz Scheduler v.2.3.2 created.
16:43:22.033 [restartedMain] INFO  o.q.s.RAMJobStore - [initialize,155] - RAMJobStore initialized.
16:43:22.034 [restartedMain] INFO  o.q.c.QuartzScheduler - [initialize,294] - Scheduler meta-data: Quartz Scheduler (v2.3.2) 'quartzScheduler' with instanceId 'NON_CLUSTERED'
  Scheduler class: 'org.quartz.core.QuartzScheduler' - running locally.
  NOT STARTED.
  Currently in standby mode.
  Number of jobs executed: 0
  Using thread pool 'org.quartz.simpl.SimpleThreadPool' - with 10 threads.
  Using job-store 'org.quartz.simpl.RAMJobStore' - which does not support persistence. and is not clustered.

16:43:22.034 [restartedMain] INFO  o.q.i.StdSchedulerFactory - [instantiate,1374] - Quartz scheduler 'quartzScheduler' initialized from an externally provided properties instance.
16:43:22.035 [restartedMain] INFO  o.q.i.StdSchedulerFactory - [instantiate,1378] - Quartz scheduler version: 2.3.2
16:43:22.035 [restartedMain] INFO  o.q.c.QuartzScheduler - [setJobFactory,2293] - JobFactory set to: org.springframework.scheduling.quartz.SpringBeanJobFactory@3008d669
16:43:22.727 [restartedMain] INFO  o.a.c.h.Http11NioProtocol - [log,168] - Starting ProtocolHandler ["http-nio-8080"]
16:43:22.735 [restartedMain] INFO  o.q.c.QuartzScheduler - [start,547] - Scheduler quartzScheduler_$_NON_CLUSTERED started.
16:43:22.738 [restartedMain] INFO  c.z.RuoYiApplication - [logStarted,56] - Started RuoYiApplication in 1.901 seconds (process running for 94.056)
16:43:29.836 [http-nio-8080-exec-1] INFO  o.a.c.c.C.[.[.[/] - [log,168] - Initializing Spring DispatcherServlet 'dispatcherServlet'
16:43:30.121 [schedule-pool-1] INFO  sys-user - [run,55] - [127.0.0.1]内网IP[admin][Error][验证码错误]
16:43:35.170 [schedule-pool-1] INFO  sys-user - [run,55] - [127.0.0.1]内网IP[admin][Success][登录成功]
16:44:35.261 [Thread-15] INFO  o.q.c.QuartzScheduler - [standby,585] - Scheduler quartzScheduler_$_NON_CLUSTERED paused.
16:44:35.269 [Thread-15] INFO  o.a.c.h.Http11NioProtocol - [log,168] - Stopping ProtocolHandler ["http-nio-8080"]
16:44:36.921 [Thread-15] INFO  o.q.c.QuartzScheduler - [shutdown,666] - Scheduler quartzScheduler_$_NON_CLUSTERED shutting down.
16:44:36.923 [Thread-15] INFO  o.q.c.QuartzScheduler - [standby,585] - Scheduler quartzScheduler_$_NON_CLUSTERED paused.
16:44:36.924 [Thread-15] INFO  o.q.c.QuartzScheduler - [shutdown,740] - Scheduler quartzScheduler_$_NON_CLUSTERED shutdown complete.
16:44:36.926 [Thread-15] INFO  sys-user - [shutdownAsyncManager,31] - ====关闭后台任务任务线程池====
16:44:36.944 [Thread-15] INFO  c.a.d.p.DruidDataSource - [close,2204] - {dataSource-4} closing ...
16:44:36.948 [Thread-15] INFO  c.a.d.p.DruidDataSource - [close,2277] - {dataSource-4} closed
16:44:37.142 [restartedMain] INFO  c.z.RuoYiApplication - [logStarting,50] - Starting RuoYiApplication using Java 24.0.2 with PID 78485 (/Users/molido/code/zzylBackend/zzyl-admin/target/classes started by molido in /Users/molido/code/zzylBackend/zzyl-admin)
16:44:37.142 [restartedMain] INFO  c.z.RuoYiApplication - [logStartupProfileInfo,654] - No active profile set, falling back to 1 default profile: "default"
16:44:37.649 [restartedMain] INFO  o.a.c.h.Http11NioProtocol - [log,168] - Initializing ProtocolHandler ["http-nio-8080"]
16:44:37.650 [restartedMain] INFO  o.a.c.c.StandardService - [log,168] - Starting service [Tomcat]
16:44:37.650 [restartedMain] INFO  o.a.c.c.StandardEngine - [log,168] - Starting Servlet engine: [Apache Tomcat/10.1.42]
16:44:37.659 [restartedMain] INFO  o.a.c.c.C.[.[.[/] - [log,168] - Initializing Spring embedded WebApplicationContext
16:44:38.028 [restartedMain] INFO  c.a.d.p.DruidDataSource - [init,1002] - {dataSource-5} inited
16:44:38.627 [restartedMain] INFO  o.q.i.StdSchedulerFactory - [instantiate,1220] - Using default implementation for ThreadExecutor
16:44:38.628 [restartedMain] INFO  o.q.c.SchedulerSignalerImpl - [<init>,61] - Initialized Scheduler Signaller of type: class org.quartz.core.SchedulerSignalerImpl
16:44:38.629 [restartedMain] INFO  o.q.c.QuartzScheduler - [<init>,229] - Quartz Scheduler v.2.3.2 created.
16:44:38.629 [restartedMain] INFO  o.q.s.RAMJobStore - [initialize,155] - RAMJobStore initialized.
16:44:38.629 [restartedMain] INFO  o.q.c.QuartzScheduler - [initialize,294] - Scheduler meta-data: Quartz Scheduler (v2.3.2) 'quartzScheduler' with instanceId 'NON_CLUSTERED'
  Scheduler class: 'org.quartz.core.QuartzScheduler' - running locally.
  NOT STARTED.
  Currently in standby mode.
  Number of jobs executed: 0
  Using thread pool 'org.quartz.simpl.SimpleThreadPool' - with 10 threads.
  Using job-store 'org.quartz.simpl.RAMJobStore' - which does not support persistence. and is not clustered.

16:44:38.629 [restartedMain] INFO  o.q.i.StdSchedulerFactory - [instantiate,1374] - Quartz scheduler 'quartzScheduler' initialized from an externally provided properties instance.
16:44:38.629 [restartedMain] INFO  o.q.i.StdSchedulerFactory - [instantiate,1378] - Quartz scheduler version: 2.3.2
16:44:38.629 [restartedMain] INFO  o.q.c.QuartzScheduler - [setJobFactory,2293] - JobFactory set to: org.springframework.scheduling.quartz.SpringBeanJobFactory@44e06ec9
16:44:39.385 [restartedMain] INFO  o.a.c.h.Http11NioProtocol - [log,168] - Starting ProtocolHandler ["http-nio-8080"]
16:44:39.386 [restartedMain] INFO  o.q.c.QuartzScheduler - [start,547] - Scheduler quartzScheduler_$_NON_CLUSTERED started.
16:44:39.391 [restartedMain] INFO  c.z.RuoYiApplication - [logStarted,56] - Started RuoYiApplication in 2.278 seconds (process running for 170.709)
16:44:42.816 [Thread-19] INFO  o.q.c.QuartzScheduler - [standby,585] - Scheduler quartzScheduler_$_NON_CLUSTERED paused.
16:44:42.819 [Thread-19] INFO  o.a.c.h.Http11NioProtocol - [log,168] - Stopping ProtocolHandler ["http-nio-8080"]
16:44:44.454 [Thread-19] INFO  o.q.c.QuartzScheduler - [shutdown,666] - Scheduler quartzScheduler_$_NON_CLUSTERED shutting down.
16:44:44.455 [Thread-19] INFO  o.q.c.QuartzScheduler - [standby,585] - Scheduler quartzScheduler_$_NON_CLUSTERED paused.
16:44:44.455 [Thread-19] INFO  o.q.c.QuartzScheduler - [shutdown,740] - Scheduler quartzScheduler_$_NON_CLUSTERED shutdown complete.
16:44:44.456 [Thread-19] INFO  sys-user - [shutdownAsyncManager,31] - ====关闭后台任务任务线程池====
16:44:44.457 [Thread-19] INFO  c.a.d.p.DruidDataSource - [close,2204] - {dataSource-5} closing ...
16:44:44.459 [Thread-19] INFO  c.a.d.p.DruidDataSource - [close,2277] - {dataSource-5} closed
16:44:44.616 [restartedMain] INFO  c.z.RuoYiApplication - [logStarting,50] - Starting RuoYiApplication using Java 24.0.2 with PID 78485 (/Users/molido/code/zzylBackend/zzyl-admin/target/classes started by molido in /Users/molido/code/zzylBackend/zzyl-admin)
16:44:44.617 [restartedMain] INFO  c.z.RuoYiApplication - [logStartupProfileInfo,654] - No active profile set, falling back to 1 default profile: "default"
16:44:44.953 [restartedMain] INFO  o.a.c.h.Http11NioProtocol - [log,168] - Initializing ProtocolHandler ["http-nio-8080"]
16:44:44.953 [restartedMain] INFO  o.a.c.c.StandardService - [log,168] - Starting service [Tomcat]
16:44:44.953 [restartedMain] INFO  o.a.c.c.StandardEngine - [log,168] - Starting Servlet engine: [Apache Tomcat/10.1.42]
16:44:44.958 [restartedMain] INFO  o.a.c.c.C.[.[.[/] - [log,168] - Initializing Spring embedded WebApplicationContext
16:44:45.167 [restartedMain] INFO  c.a.d.p.DruidDataSource - [init,1002] - {dataSource-6} inited
16:44:45.706 [restartedMain] INFO  o.q.i.StdSchedulerFactory - [instantiate,1220] - Using default implementation for ThreadExecutor
16:44:45.707 [restartedMain] INFO  o.q.c.SchedulerSignalerImpl - [<init>,61] - Initialized Scheduler Signaller of type: class org.quartz.core.SchedulerSignalerImpl
16:44:45.707 [restartedMain] INFO  o.q.c.QuartzScheduler - [<init>,229] - Quartz Scheduler v.2.3.2 created.
16:44:45.707 [restartedMain] INFO  o.q.s.RAMJobStore - [initialize,155] - RAMJobStore initialized.
16:44:45.707 [restartedMain] INFO  o.q.c.QuartzScheduler - [initialize,294] - Scheduler meta-data: Quartz Scheduler (v2.3.2) 'quartzScheduler' with instanceId 'NON_CLUSTERED'
  Scheduler class: 'org.quartz.core.QuartzScheduler' - running locally.
  NOT STARTED.
  Currently in standby mode.
  Number of jobs executed: 0
  Using thread pool 'org.quartz.simpl.SimpleThreadPool' - with 10 threads.
  Using job-store 'org.quartz.simpl.RAMJobStore' - which does not support persistence. and is not clustered.

16:44:45.707 [restartedMain] INFO  o.q.i.StdSchedulerFactory - [instantiate,1374] - Quartz scheduler 'quartzScheduler' initialized from an externally provided properties instance.
16:44:45.707 [restartedMain] INFO  o.q.i.StdSchedulerFactory - [instantiate,1378] - Quartz scheduler version: 2.3.2
16:44:45.707 [restartedMain] INFO  o.q.c.QuartzScheduler - [setJobFactory,2293] - JobFactory set to: org.springframework.scheduling.quartz.SpringBeanJobFactory@6dbbb923
16:44:46.371 [restartedMain] INFO  o.a.c.h.Http11NioProtocol - [log,168] - Starting ProtocolHandler ["http-nio-8080"]
16:44:46.372 [restartedMain] INFO  o.q.c.QuartzScheduler - [start,547] - Scheduler quartzScheduler_$_NON_CLUSTERED started.
16:44:46.374 [restartedMain] INFO  c.z.RuoYiApplication - [logStarted,56] - Started RuoYiApplication in 1.79 seconds (process running for 177.692)
16:44:52.947 [http-nio-8080-exec-1] INFO  o.a.c.c.C.[.[.[/] - [log,168] - Initializing Spring DispatcherServlet 'dispatcherServlet'
16:45:57.856 [SpringApplicationShutdownHook] INFO  o.q.c.QuartzScheduler - [standby,585] - Scheduler quartzScheduler_$_NON_CLUSTERED paused.
16:45:59.684 [SpringApplicationShutdownHook] INFO  o.q.c.QuartzScheduler - [shutdown,666] - Scheduler quartzScheduler_$_NON_CLUSTERED shutting down.
16:45:59.693 [SpringApplicationShutdownHook] INFO  o.q.c.QuartzScheduler - [standby,585] - Scheduler quartzScheduler_$_NON_CLUSTERED paused.
16:45:59.694 [SpringApplicationShutdownHook] INFO  o.q.c.QuartzScheduler - [shutdown,740] - Scheduler quartzScheduler_$_NON_CLUSTERED shutdown complete.
16:45:59.695 [SpringApplicationShutdownHook] INFO  sys-user - [shutdownAsyncManager,31] - ====关闭后台任务任务线程池====
16:45:59.701 [SpringApplicationShutdownHook] INFO  c.a.d.p.DruidDataSource - [close,2204] - {dataSource-6} closing ...
16:45:59.706 [SpringApplicationShutdownHook] INFO  c.a.d.p.DruidDataSource - [close,2277] - {dataSource-6} closed
16:50:45.180 [background-preinit] INFO  o.h.v.i.util.Version - [<clinit>,21] - HV000001: Hibernate Validator 8.0.2.Final
16:50:45.216 [restartedMain] INFO  c.z.RuoYiApplication - [logStarting,50] - Starting RuoYiApplication using Java 24.0.2 with PID 80336 (/Users/molido/code/zzylBackend/zzyl-admin/target/classes started by molido in /Users/molido/code/zzylBackend/zzyl-admin)
16:50:45.217 [restartedMain] INFO  c.z.RuoYiApplication - [logStartupProfileInfo,654] - No active profile set, falling back to 1 default profile: "default"
16:50:49.217 [restartedMain] INFO  o.a.c.h.Http11NioProtocol - [log,168] - Initializing ProtocolHandler ["http-nio-8080"]
16:50:49.220 [restartedMain] INFO  o.a.c.c.StandardService - [log,168] - Starting service [Tomcat]
16:50:49.220 [restartedMain] INFO  o.a.c.c.StandardEngine - [log,168] - Starting Servlet engine: [Apache Tomcat/10.1.42]
16:50:49.288 [restartedMain] INFO  o.a.c.c.C.[.[.[/] - [log,168] - Initializing Spring embedded WebApplicationContext
16:50:51.603 [restartedMain] INFO  c.a.d.p.DruidDataSource - [init,1002] - {dataSource-1} inited
16:51:04.578 [restartedMain] INFO  o.q.i.StdSchedulerFactory - [instantiate,1220] - Using default implementation for ThreadExecutor
16:51:04.603 [restartedMain] INFO  o.q.c.SchedulerSignalerImpl - [<init>,61] - Initialized Scheduler Signaller of type: class org.quartz.core.SchedulerSignalerImpl
16:51:04.606 [restartedMain] INFO  o.q.c.QuartzScheduler - [<init>,229] - Quartz Scheduler v.2.3.2 created.
16:51:04.608 [restartedMain] INFO  o.q.s.RAMJobStore - [initialize,155] - RAMJobStore initialized.
16:51:04.610 [restartedMain] INFO  o.q.c.QuartzScheduler - [initialize,294] - Scheduler meta-data: Quartz Scheduler (v2.3.2) 'quartzScheduler' with instanceId 'NON_CLUSTERED'
  Scheduler class: 'org.quartz.core.QuartzScheduler' - running locally.
  NOT STARTED.
  Currently in standby mode.
  Number of jobs executed: 0
  Using thread pool 'org.quartz.simpl.SimpleThreadPool' - with 10 threads.
  Using job-store 'org.quartz.simpl.RAMJobStore' - which does not support persistence. and is not clustered.

16:51:04.611 [restartedMain] INFO  o.q.i.StdSchedulerFactory - [instantiate,1374] - Quartz scheduler 'quartzScheduler' initialized from an externally provided properties instance.
16:51:04.611 [restartedMain] INFO  o.q.i.StdSchedulerFactory - [instantiate,1378] - Quartz scheduler version: 2.3.2
16:51:04.611 [restartedMain] INFO  o.q.c.QuartzScheduler - [setJobFactory,2293] - JobFactory set to: org.springframework.scheduling.quartz.SpringBeanJobFactory@7b05f6ba
16:51:06.765 [restartedMain] INFO  o.a.c.h.Http11NioProtocol - [log,168] - Starting ProtocolHandler ["http-nio-8080"]
16:51:06.798 [restartedMain] INFO  o.q.c.QuartzScheduler - [start,547] - Scheduler quartzScheduler_$_NON_CLUSTERED started.
16:51:06.812 [restartedMain] INFO  c.z.RuoYiApplication - [logStarted,56] - Started RuoYiApplication in 21.965 seconds (process running for 23.123)
16:51:26.477 [http-nio-8080-exec-1] INFO  o.a.c.c.C.[.[.[/] - [log,168] - Initializing Spring DispatcherServlet 'dispatcherServlet'
16:53:59.547 [Thread-5] INFO  o.q.c.QuartzScheduler - [standby,585] - Scheduler quartzScheduler_$_NON_CLUSTERED paused.
16:53:59.591 [Thread-5] INFO  o.a.c.h.Http11NioProtocol - [log,168] - Stopping ProtocolHandler ["http-nio-8080"]
16:54:01.476 [Thread-5] INFO  o.q.c.QuartzScheduler - [shutdown,666] - Scheduler quartzScheduler_$_NON_CLUSTERED shutting down.
16:54:01.477 [Thread-5] INFO  o.q.c.QuartzScheduler - [standby,585] - Scheduler quartzScheduler_$_NON_CLUSTERED paused.
16:54:01.477 [Thread-5] INFO  o.q.c.QuartzScheduler - [shutdown,740] - Scheduler quartzScheduler_$_NON_CLUSTERED shutdown complete.
16:54:01.479 [Thread-5] INFO  sys-user - [shutdownAsyncManager,31] - ====关闭后台任务任务线程池====
16:54:01.488 [Thread-5] INFO  c.a.d.p.DruidDataSource - [close,2204] - {dataSource-1} closing ...
16:54:01.529 [Thread-5] INFO  c.a.d.p.DruidDataSource - [close,2277] - {dataSource-1} closed
16:54:01.790 [restartedMain] INFO  c.z.RuoYiApplication - [logStarting,50] - Starting RuoYiApplication using Java 24.0.2 with PID 80336 (/Users/molido/code/zzylBackend/zzyl-admin/target/classes started by molido in /Users/molido/code/zzylBackend/zzyl-admin)
16:54:01.790 [restartedMain] INFO  c.z.RuoYiApplication - [logStartupProfileInfo,654] - No active profile set, falling back to 1 default profile: "default"
16:54:03.265 [restartedMain] INFO  o.a.c.h.Http11NioProtocol - [log,168] - Initializing ProtocolHandler ["http-nio-8080"]
16:54:03.266 [restartedMain] INFO  o.a.c.c.StandardService - [log,168] - Starting service [Tomcat]
16:54:03.267 [restartedMain] INFO  o.a.c.c.StandardEngine - [log,168] - Starting Servlet engine: [Apache Tomcat/10.1.42]
16:54:03.275 [restartedMain] INFO  o.a.c.c.C.[.[.[/] - [log,168] - Initializing Spring embedded WebApplicationContext
16:54:03.547 [restartedMain] INFO  c.a.d.p.DruidDataSource - [init,1002] - {dataSource-2} inited
16:54:03.549 [Druid-ConnectionPool-Create-1719532561] INFO  c.a.d.p.DruidAbstractDataSource - [setFailContinuous,1900] - {dataSource-2} failContinuous is true
16:54:03.581 [restartedMain] INFO  o.a.c.c.StandardService - [log,168] - Stopping service [Tomcat]
16:54:05.098 [restartedMain] INFO  c.z.RuoYiApplication - [logStarting,50] - Starting RuoYiApplication using Java 24.0.2 with PID 80336 (/Users/molido/code/zzylBackend/zzyl-admin/target/classes started by molido in /Users/molido/code/zzylBackend/zzyl-admin)
16:54:05.099 [restartedMain] INFO  c.z.RuoYiApplication - [logStartupProfileInfo,654] - No active profile set, falling back to 1 default profile: "default"
16:54:05.783 [restartedMain] INFO  o.a.c.h.Http11NioProtocol - [log,168] - Initializing ProtocolHandler ["http-nio-8080"]
16:54:05.783 [restartedMain] INFO  o.a.c.c.StandardService - [log,168] - Starting service [Tomcat]
16:54:05.783 [restartedMain] INFO  o.a.c.c.StandardEngine - [log,168] - Starting Servlet engine: [Apache Tomcat/10.1.42]
16:54:05.791 [restartedMain] INFO  o.a.c.c.C.[.[.[/] - [log,168] - Initializing Spring embedded WebApplicationContext
16:54:05.983 [restartedMain] INFO  c.a.d.p.DruidDataSource - [init,1002] - {dataSource-3} inited
16:54:05.985 [Druid-ConnectionPool-Create-1790896922] INFO  c.a.d.p.DruidAbstractDataSource - [setFailContinuous,1900] - {dataSource-3} failContinuous is true
16:54:05.986 [restartedMain] INFO  o.a.c.c.StandardService - [log,168] - Stopping service [Tomcat]
16:54:13.522 [restartedMain] INFO  c.z.RuoYiApplication - [logStarting,50] - Starting RuoYiApplication using Java 24.0.2 with PID 80336 (/Users/molido/code/zzylBackend/zzyl-admin/target/classes started by molido in /Users/molido/code/zzylBackend/zzyl-admin)
16:54:13.523 [restartedMain] INFO  c.z.RuoYiApplication - [logStartupProfileInfo,654] - No active profile set, falling back to 1 default profile: "default"
16:54:13.923 [restartedMain] INFO  o.a.c.h.Http11NioProtocol - [log,168] - Initializing ProtocolHandler ["http-nio-8080"]
16:54:13.923 [restartedMain] INFO  o.a.c.c.StandardService - [log,168] - Starting service [Tomcat]
16:54:13.923 [restartedMain] INFO  o.a.c.c.StandardEngine - [log,168] - Starting Servlet engine: [Apache Tomcat/10.1.42]
16:54:13.929 [restartedMain] INFO  o.a.c.c.C.[.[.[/] - [log,168] - Initializing Spring embedded WebApplicationContext
16:54:14.051 [restartedMain] INFO  c.a.d.p.DruidDataSource - [init,1002] - {dataSource-4} inited
16:54:14.052 [Druid-ConnectionPool-Create-1792294918] INFO  c.a.d.p.DruidAbstractDataSource - [setFailContinuous,1900] - {dataSource-4} failContinuous is true
16:54:14.053 [restartedMain] INFO  o.a.c.c.StandardService - [log,168] - Stopping service [Tomcat]
16:56:36.029 [restartedMain] INFO  c.z.RuoYiApplication - [logStarting,50] - Starting RuoYiApplication using Java 24.0.2 with PID 80336 (/Users/molido/code/zzylBackend/zzyl-admin/target/classes started by molido in /Users/molido/code/zzylBackend/zzyl-admin)
16:56:36.030 [restartedMain] INFO  c.z.RuoYiApplication - [logStartupProfileInfo,654] - No active profile set, falling back to 1 default profile: "default"
16:56:36.730 [restartedMain] INFO  o.a.c.h.Http11NioProtocol - [log,168] - Initializing ProtocolHandler ["http-nio-8080"]
16:56:36.730 [restartedMain] INFO  o.a.c.c.StandardService - [log,168] - Starting service [Tomcat]
16:56:36.730 [restartedMain] INFO  o.a.c.c.StandardEngine - [log,168] - Starting Servlet engine: [Apache Tomcat/10.1.42]
16:56:36.736 [restartedMain] INFO  o.a.c.c.C.[.[.[/] - [log,168] - Initializing Spring embedded WebApplicationContext
16:56:37.027 [restartedMain] INFO  c.a.d.p.DruidDataSource - [init,1002] - {dataSource-5} inited
16:56:38.155 [restartedMain] INFO  o.q.i.StdSchedulerFactory - [instantiate,1220] - Using default implementation for ThreadExecutor
16:56:38.157 [restartedMain] INFO  o.q.c.SchedulerSignalerImpl - [<init>,61] - Initialized Scheduler Signaller of type: class org.quartz.core.SchedulerSignalerImpl
16:56:38.157 [restartedMain] INFO  o.q.c.QuartzScheduler - [<init>,229] - Quartz Scheduler v.2.3.2 created.
16:56:38.157 [restartedMain] INFO  o.q.s.RAMJobStore - [initialize,155] - RAMJobStore initialized.
16:56:38.157 [restartedMain] INFO  o.q.c.QuartzScheduler - [initialize,294] - Scheduler meta-data: Quartz Scheduler (v2.3.2) 'quartzScheduler' with instanceId 'NON_CLUSTERED'
  Scheduler class: 'org.quartz.core.QuartzScheduler' - running locally.
  NOT STARTED.
  Currently in standby mode.
  Number of jobs executed: 0
  Using thread pool 'org.quartz.simpl.SimpleThreadPool' - with 10 threads.
  Using job-store 'org.quartz.simpl.RAMJobStore' - which does not support persistence. and is not clustered.

16:56:38.157 [restartedMain] INFO  o.q.i.StdSchedulerFactory - [instantiate,1374] - Quartz scheduler 'quartzScheduler' initialized from an externally provided properties instance.
16:56:38.157 [restartedMain] INFO  o.q.i.StdSchedulerFactory - [instantiate,1378] - Quartz scheduler version: 2.3.2
16:56:38.157 [restartedMain] INFO  o.q.c.QuartzScheduler - [setJobFactory,2293] - JobFactory set to: org.springframework.scheduling.quartz.SpringBeanJobFactory@4db1a5ed
16:56:39.002 [restartedMain] INFO  o.a.c.h.Http11NioProtocol - [log,168] - Starting ProtocolHandler ["http-nio-8080"]
16:56:39.003 [restartedMain] INFO  o.q.c.QuartzScheduler - [start,547] - Scheduler quartzScheduler_$_NON_CLUSTERED started.
16:56:39.006 [restartedMain] INFO  c.z.RuoYiApplication - [logStarted,56] - Started RuoYiApplication in 3.085 seconds (process running for 355.311)
16:56:47.467 [Thread-7] INFO  o.q.c.QuartzScheduler - [standby,585] - Scheduler quartzScheduler_$_NON_CLUSTERED paused.
16:56:47.468 [Thread-7] INFO  o.a.c.h.Http11NioProtocol - [log,168] - Stopping ProtocolHandler ["http-nio-8080"]
16:56:49.118 [Thread-7] INFO  o.q.c.QuartzScheduler - [shutdown,666] - Scheduler quartzScheduler_$_NON_CLUSTERED shutting down.
16:56:49.119 [Thread-7] INFO  o.q.c.QuartzScheduler - [standby,585] - Scheduler quartzScheduler_$_NON_CLUSTERED paused.
16:56:49.119 [Thread-7] INFO  o.q.c.QuartzScheduler - [shutdown,740] - Scheduler quartzScheduler_$_NON_CLUSTERED shutdown complete.
16:56:49.120 [Thread-7] INFO  sys-user - [shutdownAsyncManager,31] - ====关闭后台任务任务线程池====
16:56:49.122 [Thread-7] INFO  c.a.d.p.DruidDataSource - [close,2204] - {dataSource-5} closing ...
16:56:49.123 [Thread-7] INFO  c.a.d.p.DruidDataSource - [close,2277] - {dataSource-5} closed
16:56:49.269 [restartedMain] INFO  c.z.RuoYiApplication - [logStarting,50] - Starting RuoYiApplication using Java 24.0.2 with PID 80336 (/Users/molido/code/zzylBackend/zzyl-admin/target/classes started by molido in /Users/molido/code/zzylBackend/zzyl-admin)
16:56:49.269 [restartedMain] INFO  c.z.RuoYiApplication - [logStartupProfileInfo,654] - No active profile set, falling back to 1 default profile: "default"
16:56:50.032 [restartedMain] INFO  o.a.c.h.Http11NioProtocol - [log,168] - Initializing ProtocolHandler ["http-nio-8080"]
16:56:50.033 [restartedMain] INFO  o.a.c.c.StandardService - [log,168] - Starting service [Tomcat]
16:56:50.033 [restartedMain] INFO  o.a.c.c.StandardEngine - [log,168] - Starting Servlet engine: [Apache Tomcat/10.1.42]
16:56:50.043 [restartedMain] INFO  o.a.c.c.C.[.[.[/] - [log,168] - Initializing Spring embedded WebApplicationContext
16:56:50.319 [restartedMain] INFO  c.a.d.p.DruidDataSource - [init,1002] - {dataSource-6} inited
16:56:50.894 [restartedMain] INFO  o.q.i.StdSchedulerFactory - [instantiate,1220] - Using default implementation for ThreadExecutor
16:56:50.895 [restartedMain] INFO  o.q.c.SchedulerSignalerImpl - [<init>,61] - Initialized Scheduler Signaller of type: class org.quartz.core.SchedulerSignalerImpl
16:56:50.895 [restartedMain] INFO  o.q.c.QuartzScheduler - [<init>,229] - Quartz Scheduler v.2.3.2 created.
16:56:50.895 [restartedMain] INFO  o.q.s.RAMJobStore - [initialize,155] - RAMJobStore initialized.
16:56:50.895 [restartedMain] INFO  o.q.c.QuartzScheduler - [initialize,294] - Scheduler meta-data: Quartz Scheduler (v2.3.2) 'quartzScheduler' with instanceId 'NON_CLUSTERED'
  Scheduler class: 'org.quartz.core.QuartzScheduler' - running locally.
  NOT STARTED.
  Currently in standby mode.
  Number of jobs executed: 0
  Using thread pool 'org.quartz.simpl.SimpleThreadPool' - with 10 threads.
  Using job-store 'org.quartz.simpl.RAMJobStore' - which does not support persistence. and is not clustered.

16:56:50.895 [restartedMain] INFO  o.q.i.StdSchedulerFactory - [instantiate,1374] - Quartz scheduler 'quartzScheduler' initialized from an externally provided properties instance.
16:56:50.895 [restartedMain] INFO  o.q.i.StdSchedulerFactory - [instantiate,1378] - Quartz scheduler version: 2.3.2
16:56:50.895 [restartedMain] INFO  o.q.c.QuartzScheduler - [setJobFactory,2293] - JobFactory set to: org.springframework.scheduling.quartz.SpringBeanJobFactory@25b4b003
16:56:51.469 [restartedMain] INFO  o.a.c.h.Http11NioProtocol - [log,168] - Starting ProtocolHandler ["http-nio-8080"]
16:56:51.471 [restartedMain] INFO  o.q.c.QuartzScheduler - [start,547] - Scheduler quartzScheduler_$_NON_CLUSTERED started.
16:56:51.474 [restartedMain] INFO  c.z.RuoYiApplication - [logStarted,56] - Started RuoYiApplication in 2.22 seconds (process running for 367.778)
16:57:44.490 [SpringApplicationShutdownHook] INFO  o.q.c.QuartzScheduler - [standby,585] - Scheduler quartzScheduler_$_NON_CLUSTERED paused.
16:57:46.151 [SpringApplicationShutdownHook] INFO  o.q.c.QuartzScheduler - [shutdown,666] - Scheduler quartzScheduler_$_NON_CLUSTERED shutting down.
16:57:46.151 [SpringApplicationShutdownHook] INFO  o.q.c.QuartzScheduler - [standby,585] - Scheduler quartzScheduler_$_NON_CLUSTERED paused.
16:57:46.152 [SpringApplicationShutdownHook] INFO  o.q.c.QuartzScheduler - [shutdown,740] - Scheduler quartzScheduler_$_NON_CLUSTERED shutdown complete.
16:57:46.152 [SpringApplicationShutdownHook] INFO  sys-user - [shutdownAsyncManager,31] - ====关闭后台任务任务线程池====
16:57:46.156 [SpringApplicationShutdownHook] INFO  c.a.d.p.DruidDataSource - [close,2204] - {dataSource-6} closing ...
16:57:46.162 [SpringApplicationShutdownHook] INFO  c.a.d.p.DruidDataSource - [close,2277] - {dataSource-6} closed
16:57:53.464 [background-preinit] INFO  o.h.v.i.util.Version - [<clinit>,21] - HV000001: Hibernate Validator 8.0.2.Final
16:57:53.506 [restartedMain] INFO  c.z.RuoYiApplication - [logStarting,50] - Starting RuoYiApplication using Java 24.0.2 with PID 82037 (/Users/molido/code/zzylBackend/zzyl-admin/target/classes started by molido in /Users/molido/code/zzylBackend/zzyl-admin)
16:57:53.507 [restartedMain] INFO  c.z.RuoYiApplication - [logStartupProfileInfo,654] - No active profile set, falling back to 1 default profile: "default"
16:57:54.667 [restartedMain] INFO  o.a.c.h.Http11NioProtocol - [log,168] - Initializing ProtocolHandler ["http-nio-8080"]
16:57:54.668 [restartedMain] INFO  o.a.c.c.StandardService - [log,168] - Starting service [Tomcat]
16:57:54.668 [restartedMain] INFO  o.a.c.c.StandardEngine - [log,168] - Starting Servlet engine: [Apache Tomcat/10.1.42]
16:57:54.690 [restartedMain] INFO  o.a.c.c.C.[.[.[/] - [log,168] - Initializing Spring embedded WebApplicationContext
16:57:55.382 [restartedMain] INFO  c.a.d.p.DruidDataSource - [init,1002] - {dataSource-1} inited
16:57:57.040 [restartedMain] INFO  o.q.i.StdSchedulerFactory - [instantiate,1220] - Using default implementation for ThreadExecutor
16:57:57.046 [restartedMain] INFO  o.q.c.SchedulerSignalerImpl - [<init>,61] - Initialized Scheduler Signaller of type: class org.quartz.core.SchedulerSignalerImpl
16:57:57.046 [restartedMain] INFO  o.q.c.QuartzScheduler - [<init>,229] - Quartz Scheduler v.2.3.2 created.
16:57:57.046 [restartedMain] INFO  o.q.s.RAMJobStore - [initialize,155] - RAMJobStore initialized.
16:57:57.046 [restartedMain] INFO  o.q.c.QuartzScheduler - [initialize,294] - Scheduler meta-data: Quartz Scheduler (v2.3.2) 'quartzScheduler' with instanceId 'NON_CLUSTERED'
  Scheduler class: 'org.quartz.core.QuartzScheduler' - running locally.
  NOT STARTED.
  Currently in standby mode.
  Number of jobs executed: 0
  Using thread pool 'org.quartz.simpl.SimpleThreadPool' - with 10 threads.
  Using job-store 'org.quartz.simpl.RAMJobStore' - which does not support persistence. and is not clustered.

16:57:57.047 [restartedMain] INFO  o.q.i.StdSchedulerFactory - [instantiate,1374] - Quartz scheduler 'quartzScheduler' initialized from an externally provided properties instance.
16:57:57.047 [restartedMain] INFO  o.q.i.StdSchedulerFactory - [instantiate,1378] - Quartz scheduler version: 2.3.2
16:57:57.047 [restartedMain] INFO  o.q.c.QuartzScheduler - [setJobFactory,2293] - JobFactory set to: org.springframework.scheduling.quartz.SpringBeanJobFactory@7863fe5c
16:57:58.072 [restartedMain] INFO  o.a.c.h.Http11NioProtocol - [log,168] - Starting ProtocolHandler ["http-nio-8080"]
16:57:58.078 [restartedMain] INFO  o.q.c.QuartzScheduler - [start,547] - Scheduler quartzScheduler_$_NON_CLUSTERED started.
16:57:58.085 [restartedMain] INFO  c.z.RuoYiApplication - [logStarted,56] - Started RuoYiApplication in 4.795 seconds (process running for 5.15)
16:59:38.574 [http-nio-8080-exec-1] INFO  o.a.c.c.C.[.[.[/] - [log,168] - Initializing Spring DispatcherServlet 'dispatcherServlet'
17:16:40.406 [Thread-5] INFO  o.q.c.QuartzScheduler - [standby,585] - Scheduler quartzScheduler_$_NON_CLUSTERED paused.
17:16:40.452 [Thread-5] INFO  o.a.c.h.Http11NioProtocol - [log,168] - Stopping ProtocolHandler ["http-nio-8080"]
17:16:42.223 [Thread-5] INFO  o.q.c.QuartzScheduler - [shutdown,666] - Scheduler quartzScheduler_$_NON_CLUSTERED shutting down.
17:16:42.223 [Thread-5] INFO  o.q.c.QuartzScheduler - [standby,585] - Scheduler quartzScheduler_$_NON_CLUSTERED paused.
17:16:42.224 [Thread-5] INFO  o.q.c.QuartzScheduler - [shutdown,740] - Scheduler quartzScheduler_$_NON_CLUSTERED shutdown complete.
17:16:42.225 [Thread-5] INFO  sys-user - [shutdownAsyncManager,31] - ====关闭后台任务任务线程池====
17:16:42.234 [Thread-5] INFO  c.a.d.p.DruidDataSource - [close,2204] - {dataSource-1} closing ...
17:16:42.242 [Thread-5] INFO  c.a.d.p.DruidDataSource - [close,2277] - {dataSource-1} closed
17:16:42.629 [restartedMain] INFO  c.z.RuoYiApplication - [logStarting,50] - Starting RuoYiApplication using Java 24.0.2 with PID 82037 (/Users/molido/code/zzylBackend/zzyl-admin/target/classes started by molido in /Users/molido/code/zzylBackend/zzyl-admin)
17:16:42.629 [restartedMain] INFO  c.z.RuoYiApplication - [logStartupProfileInfo,654] - No active profile set, falling back to 1 default profile: "default"
17:16:43.297 [restartedMain] INFO  o.a.c.h.Http11NioProtocol - [log,168] - Initializing ProtocolHandler ["http-nio-8080"]
17:16:43.297 [restartedMain] INFO  o.a.c.c.StandardService - [log,168] - Starting service [Tomcat]
17:16:43.297 [restartedMain] INFO  o.a.c.c.StandardEngine - [log,168] - Starting Servlet engine: [Apache Tomcat/10.1.42]
17:16:43.303 [restartedMain] INFO  o.a.c.c.C.[.[.[/] - [log,168] - Initializing Spring embedded WebApplicationContext
17:16:43.559 [restartedMain] INFO  c.a.d.p.DruidDataSource - [init,1002] - {dataSource-2} inited
17:16:44.267 [restartedMain] INFO  o.q.i.StdSchedulerFactory - [instantiate,1220] - Using default implementation for ThreadExecutor
17:16:44.268 [restartedMain] INFO  o.q.c.SchedulerSignalerImpl - [<init>,61] - Initialized Scheduler Signaller of type: class org.quartz.core.SchedulerSignalerImpl
17:16:44.268 [restartedMain] INFO  o.q.c.QuartzScheduler - [<init>,229] - Quartz Scheduler v.2.3.2 created.
17:16:44.269 [restartedMain] INFO  o.q.s.RAMJobStore - [initialize,155] - RAMJobStore initialized.
17:16:44.269 [restartedMain] INFO  o.q.c.QuartzScheduler - [initialize,294] - Scheduler meta-data: Quartz Scheduler (v2.3.2) 'quartzScheduler' with instanceId 'NON_CLUSTERED'
  Scheduler class: 'org.quartz.core.QuartzScheduler' - running locally.
  NOT STARTED.
  Currently in standby mode.
  Number of jobs executed: 0
  Using thread pool 'org.quartz.simpl.SimpleThreadPool' - with 10 threads.
  Using job-store 'org.quartz.simpl.RAMJobStore' - which does not support persistence. and is not clustered.

17:16:44.269 [restartedMain] INFO  o.q.i.StdSchedulerFactory - [instantiate,1374] - Quartz scheduler 'quartzScheduler' initialized from an externally provided properties instance.
17:16:44.270 [restartedMain] INFO  o.q.i.StdSchedulerFactory - [instantiate,1378] - Quartz scheduler version: 2.3.2
17:16:44.270 [restartedMain] INFO  o.q.c.QuartzScheduler - [setJobFactory,2293] - JobFactory set to: org.springframework.scheduling.quartz.SpringBeanJobFactory@18914d7e
17:16:45.010 [restartedMain] INFO  o.a.c.h.Http11NioProtocol - [log,168] - Starting ProtocolHandler ["http-nio-8080"]
17:16:45.013 [restartedMain] INFO  o.q.c.QuartzScheduler - [start,547] - Scheduler quartzScheduler_$_NON_CLUSTERED started.
17:16:45.017 [restartedMain] INFO  c.z.RuoYiApplication - [logStarted,56] - Started RuoYiApplication in 2.414 seconds (process running for 1132.158)
17:16:54.683 [http-nio-8080-exec-1] INFO  o.a.c.c.C.[.[.[/] - [log,168] - Initializing Spring DispatcherServlet 'dispatcherServlet'
17:37:19.525 [Druid-ConnectionPool-Create-417153576] INFO  c.a.d.p.DruidAbstractDataSource - [setFailContinuous,1900] - {dataSource-2} failContinuous is true
17:39:15.564 [Druid-ConnectionPool-Create-417153576] INFO  c.a.d.p.DruidAbstractDataSource - [setFailContinuous,1905] - {dataSource-2} failContinuous is false
20:10:42.571 [Thread-7] INFO  o.q.c.QuartzScheduler - [standby,585] - Scheduler quartzScheduler_$_NON_CLUSTERED paused.
20:10:42.602 [Thread-7] INFO  o.a.c.h.Http11NioProtocol - [log,168] - Stopping ProtocolHandler ["http-nio-8080"]
20:10:44.838 [Thread-7] INFO  o.q.c.QuartzScheduler - [shutdown,666] - Scheduler quartzScheduler_$_NON_CLUSTERED shutting down.
20:10:44.840 [Thread-7] INFO  o.q.c.QuartzScheduler - [standby,585] - Scheduler quartzScheduler_$_NON_CLUSTERED paused.
20:10:44.841 [Thread-7] INFO  o.q.c.QuartzScheduler - [shutdown,740] - Scheduler quartzScheduler_$_NON_CLUSTERED shutdown complete.
20:10:44.851 [Thread-7] INFO  sys-user - [shutdownAsyncManager,31] - ====关闭后台任务任务线程池====
20:10:44.885 [Thread-7] INFO  c.a.d.p.DruidDataSource - [close,2204] - {dataSource-2} closing ...
20:10:44.889 [Thread-7] INFO  c.a.d.p.DruidDataSource - [close,2277] - {dataSource-2} closed
20:10:45.987 [restartedMain] INFO  c.z.RuoYiApplication - [logStarting,50] - Starting RuoYiApplication using Java 24.0.2 with PID 82037 (/Users/molido/code/zzylBackend/zzyl-admin/target/classes started by molido in /Users/molido/code/zzylBackend/zzyl-admin)
20:10:45.988 [restartedMain] INFO  c.z.RuoYiApplication - [logStartupProfileInfo,654] - No active profile set, falling back to 1 default profile: "default"
20:10:47.272 [restartedMain] INFO  o.a.c.h.Http11NioProtocol - [log,168] - Initializing ProtocolHandler ["http-nio-8080"]
20:10:47.273 [restartedMain] INFO  o.a.c.c.StandardService - [log,168] - Starting service [Tomcat]
20:10:47.273 [restartedMain] INFO  o.a.c.c.StandardEngine - [log,168] - Starting Servlet engine: [Apache Tomcat/10.1.42]
20:10:47.293 [restartedMain] INFO  o.a.c.c.C.[.[.[/] - [log,168] - Initializing Spring embedded WebApplicationContext
20:10:48.693 [restartedMain] INFO  c.a.d.p.DruidDataSource - [init,1002] - {dataSource-3} inited
20:10:49.607 [restartedMain] INFO  o.q.i.StdSchedulerFactory - [instantiate,1220] - Using default implementation for ThreadExecutor
20:10:49.608 [restartedMain] INFO  o.q.c.SchedulerSignalerImpl - [<init>,61] - Initialized Scheduler Signaller of type: class org.quartz.core.SchedulerSignalerImpl
20:10:49.608 [restartedMain] INFO  o.q.c.QuartzScheduler - [<init>,229] - Quartz Scheduler v.2.3.2 created.
20:10:49.608 [restartedMain] INFO  o.q.s.RAMJobStore - [initialize,155] - RAMJobStore initialized.
20:10:49.608 [restartedMain] INFO  o.q.c.QuartzScheduler - [initialize,294] - Scheduler meta-data: Quartz Scheduler (v2.3.2) 'quartzScheduler' with instanceId 'NON_CLUSTERED'
  Scheduler class: 'org.quartz.core.QuartzScheduler' - running locally.
  NOT STARTED.
  Currently in standby mode.
  Number of jobs executed: 0
  Using thread pool 'org.quartz.simpl.SimpleThreadPool' - with 10 threads.
  Using job-store 'org.quartz.simpl.RAMJobStore' - which does not support persistence. and is not clustered.

20:10:49.608 [restartedMain] INFO  o.q.i.StdSchedulerFactory - [instantiate,1374] - Quartz scheduler 'quartzScheduler' initialized from an externally provided properties instance.
20:10:49.608 [restartedMain] INFO  o.q.i.StdSchedulerFactory - [instantiate,1378] - Quartz scheduler version: 2.3.2
20:10:49.608 [restartedMain] INFO  o.q.c.QuartzScheduler - [setJobFactory,2293] - JobFactory set to: org.springframework.scheduling.quartz.SpringBeanJobFactory@330b080b
20:10:50.400 [restartedMain] INFO  o.a.c.h.Http11NioProtocol - [log,168] - Starting ProtocolHandler ["http-nio-8080"]
20:10:50.401 [restartedMain] INFO  o.q.c.QuartzScheduler - [start,547] - Scheduler quartzScheduler_$_NON_CLUSTERED started.
20:10:50.404 [restartedMain] INFO  c.z.RuoYiApplication - [logStarted,56] - Started RuoYiApplication in 4.499 seconds (process running for 11576.966)
20:13:21.936 [http-nio-8080-exec-1] INFO  o.a.c.c.C.[.[.[/] - [log,168] - Initializing Spring DispatcherServlet 'dispatcherServlet'
20:15:44.813 [Thread-11] INFO  o.q.c.QuartzScheduler - [standby,585] - Scheduler quartzScheduler_$_NON_CLUSTERED paused.
20:15:44.835 [Thread-11] INFO  o.a.c.h.Http11NioProtocol - [log,168] - Stopping ProtocolHandler ["http-nio-8080"]
20:15:46.658 [Thread-11] INFO  o.q.c.QuartzScheduler - [shutdown,666] - Scheduler quartzScheduler_$_NON_CLUSTERED shutting down.
20:15:46.660 [Thread-11] INFO  o.q.c.QuartzScheduler - [standby,585] - Scheduler quartzScheduler_$_NON_CLUSTERED paused.
20:15:46.660 [Thread-11] INFO  o.q.c.QuartzScheduler - [shutdown,740] - Scheduler quartzScheduler_$_NON_CLUSTERED shutdown complete.
20:15:46.665 [Thread-11] INFO  sys-user - [shutdownAsyncManager,31] - ====关闭后台任务任务线程池====
20:15:46.676 [Thread-11] INFO  c.a.d.p.DruidDataSource - [close,2204] - {dataSource-3} closing ...
20:15:46.693 [Thread-11] INFO  c.a.d.p.DruidDataSource - [close,2277] - {dataSource-3} closed
20:16:12.447 [restartedMain] INFO  c.z.RuoYiApplication - [logStarting,50] - Starting RuoYiApplication using Java 24.0.2 with PID 82037 (/Users/molido/code/zzylBackend/zzyl-admin/target/classes started by molido in /Users/molido/code/zzylBackend/zzyl-admin)
20:16:12.448 [restartedMain] INFO  c.z.RuoYiApplication - [logStartupProfileInfo,654] - No active profile set, falling back to 1 default profile: "default"
20:16:13.319 [restartedMain] INFO  o.a.c.h.Http11NioProtocol - [log,168] - Initializing ProtocolHandler ["http-nio-8080"]
20:16:13.321 [restartedMain] INFO  o.a.c.c.StandardService - [log,168] - Starting service [Tomcat]
20:16:13.321 [restartedMain] INFO  o.a.c.c.StandardEngine - [log,168] - Starting Servlet engine: [Apache Tomcat/10.1.42]
20:16:13.360 [restartedMain] INFO  o.a.c.c.C.[.[.[/] - [log,168] - Initializing Spring embedded WebApplicationContext
20:16:14.678 [restartedMain] INFO  c.a.d.p.DruidDataSource - [init,1002] - {dataSource-4} inited
20:16:15.390 [restartedMain] INFO  o.q.i.StdSchedulerFactory - [instantiate,1220] - Using default implementation for ThreadExecutor
20:16:15.391 [restartedMain] INFO  o.q.c.SchedulerSignalerImpl - [<init>,61] - Initialized Scheduler Signaller of type: class org.quartz.core.SchedulerSignalerImpl
20:16:15.391 [restartedMain] INFO  o.q.c.QuartzScheduler - [<init>,229] - Quartz Scheduler v.2.3.2 created.
20:16:15.391 [restartedMain] INFO  o.q.s.RAMJobStore - [initialize,155] - RAMJobStore initialized.
20:16:15.391 [restartedMain] INFO  o.q.c.QuartzScheduler - [initialize,294] - Scheduler meta-data: Quartz Scheduler (v2.3.2) 'quartzScheduler' with instanceId 'NON_CLUSTERED'
  Scheduler class: 'org.quartz.core.QuartzScheduler' - running locally.
  NOT STARTED.
  Currently in standby mode.
  Number of jobs executed: 0
  Using thread pool 'org.quartz.simpl.SimpleThreadPool' - with 10 threads.
  Using job-store 'org.quartz.simpl.RAMJobStore' - which does not support persistence. and is not clustered.

20:16:15.391 [restartedMain] INFO  o.q.i.StdSchedulerFactory - [instantiate,1374] - Quartz scheduler 'quartzScheduler' initialized from an externally provided properties instance.
20:16:15.391 [restartedMain] INFO  o.q.i.StdSchedulerFactory - [instantiate,1378] - Quartz scheduler version: 2.3.2
20:16:15.391 [restartedMain] INFO  o.q.c.QuartzScheduler - [setJobFactory,2293] - JobFactory set to: org.springframework.scheduling.quartz.SpringBeanJobFactory@406f891f
20:16:16.013 [restartedMain] INFO  o.a.c.h.Http11NioProtocol - [log,168] - Starting ProtocolHandler ["http-nio-8080"]
20:16:16.015 [restartedMain] INFO  o.q.c.QuartzScheduler - [start,547] - Scheduler quartzScheduler_$_NON_CLUSTERED started.
20:16:16.018 [restartedMain] INFO  c.z.RuoYiApplication - [logStarted,56] - Started RuoYiApplication in 3.625 seconds (process running for 11902.57)
20:16:31.737 [Thread-15] INFO  o.q.c.QuartzScheduler - [standby,585] - Scheduler quartzScheduler_$_NON_CLUSTERED paused.
20:16:31.741 [Thread-15] INFO  o.a.c.h.Http11NioProtocol - [log,168] - Stopping ProtocolHandler ["http-nio-8080"]
20:16:33.385 [Thread-15] INFO  o.q.c.QuartzScheduler - [shutdown,666] - Scheduler quartzScheduler_$_NON_CLUSTERED shutting down.
20:16:33.386 [Thread-15] INFO  o.q.c.QuartzScheduler - [standby,585] - Scheduler quartzScheduler_$_NON_CLUSTERED paused.
20:16:33.386 [Thread-15] INFO  o.q.c.QuartzScheduler - [shutdown,740] - Scheduler quartzScheduler_$_NON_CLUSTERED shutdown complete.
20:16:33.387 [Thread-15] INFO  sys-user - [shutdownAsyncManager,31] - ====关闭后台任务任务线程池====
20:16:33.390 [Thread-15] INFO  c.a.d.p.DruidDataSource - [close,2204] - {dataSource-4} closing ...
20:16:33.401 [Thread-15] INFO  c.a.d.p.DruidDataSource - [close,2277] - {dataSource-4} closed
20:16:33.604 [restartedMain] INFO  c.z.RuoYiApplication - [logStarting,50] - Starting RuoYiApplication using Java 24.0.2 with PID 82037 (/Users/molido/code/zzylBackend/zzyl-admin/target/classes started by molido in /Users/molido/code/zzylBackend/zzyl-admin)
20:16:33.604 [restartedMain] INFO  c.z.RuoYiApplication - [logStartupProfileInfo,654] - No active profile set, falling back to 1 default profile: "default"
20:16:34.045 [restartedMain] INFO  o.a.c.h.Http11NioProtocol - [log,168] - Initializing ProtocolHandler ["http-nio-8080"]
20:16:34.045 [restartedMain] INFO  o.a.c.c.StandardService - [log,168] - Starting service [Tomcat]
20:16:34.045 [restartedMain] INFO  o.a.c.c.StandardEngine - [log,168] - Starting Servlet engine: [Apache Tomcat/10.1.42]
20:16:34.060 [restartedMain] INFO  o.a.c.c.C.[.[.[/] - [log,168] - Initializing Spring embedded WebApplicationContext
20:16:34.334 [restartedMain] INFO  c.a.d.p.DruidDataSource - [init,1002] - {dataSource-5} inited
20:16:35.113 [restartedMain] INFO  o.q.i.StdSchedulerFactory - [instantiate,1220] - Using default implementation for ThreadExecutor
20:16:35.113 [restartedMain] INFO  o.q.c.SchedulerSignalerImpl - [<init>,61] - Initialized Scheduler Signaller of type: class org.quartz.core.SchedulerSignalerImpl
20:16:35.113 [restartedMain] INFO  o.q.c.QuartzScheduler - [<init>,229] - Quartz Scheduler v.2.3.2 created.
20:16:35.113 [restartedMain] INFO  o.q.s.RAMJobStore - [initialize,155] - RAMJobStore initialized.
20:16:35.113 [restartedMain] INFO  o.q.c.QuartzScheduler - [initialize,294] - Scheduler meta-data: Quartz Scheduler (v2.3.2) 'quartzScheduler' with instanceId 'NON_CLUSTERED'
  Scheduler class: 'org.quartz.core.QuartzScheduler' - running locally.
  NOT STARTED.
  Currently in standby mode.
  Number of jobs executed: 0
  Using thread pool 'org.quartz.simpl.SimpleThreadPool' - with 10 threads.
  Using job-store 'org.quartz.simpl.RAMJobStore' - which does not support persistence. and is not clustered.

20:16:35.114 [restartedMain] INFO  o.q.i.StdSchedulerFactory - [instantiate,1374] - Quartz scheduler 'quartzScheduler' initialized from an externally provided properties instance.
20:16:35.114 [restartedMain] INFO  o.q.i.StdSchedulerFactory - [instantiate,1378] - Quartz scheduler version: 2.3.2
20:16:35.114 [restartedMain] INFO  o.q.c.QuartzScheduler - [setJobFactory,2293] - JobFactory set to: org.springframework.scheduling.quartz.SpringBeanJobFactory@49c5aca0
20:16:35.776 [restartedMain] INFO  o.a.c.h.Http11NioProtocol - [log,168] - Starting ProtocolHandler ["http-nio-8080"]
20:16:35.778 [restartedMain] INFO  o.q.c.QuartzScheduler - [start,547] - Scheduler quartzScheduler_$_NON_CLUSTERED started.
20:16:35.781 [restartedMain] INFO  c.z.RuoYiApplication - [logStarted,56] - Started RuoYiApplication in 2.192 seconds (process running for 11922.333)
20:17:00.433 [Thread-23] INFO  o.q.c.QuartzScheduler - [standby,585] - Scheduler quartzScheduler_$_NON_CLUSTERED paused.
20:17:00.436 [Thread-23] INFO  o.a.c.h.Http11NioProtocol - [log,168] - Stopping ProtocolHandler ["http-nio-8080"]
20:17:02.095 [Thread-23] INFO  o.q.c.QuartzScheduler - [shutdown,666] - Scheduler quartzScheduler_$_NON_CLUSTERED shutting down.
20:17:02.096 [Thread-23] INFO  o.q.c.QuartzScheduler - [standby,585] - Scheduler quartzScheduler_$_NON_CLUSTERED paused.
20:17:02.098 [Thread-23] INFO  o.q.c.QuartzScheduler - [shutdown,740] - Scheduler quartzScheduler_$_NON_CLUSTERED shutdown complete.
20:17:02.102 [Thread-23] INFO  sys-user - [shutdownAsyncManager,31] - ====关闭后台任务任务线程池====
20:17:02.110 [Thread-23] INFO  c.a.d.p.DruidDataSource - [close,2204] - {dataSource-5} closing ...
20:17:02.112 [Thread-23] INFO  c.a.d.p.DruidDataSource - [close,2277] - {dataSource-5} closed
20:17:02.239 [restartedMain] INFO  c.z.RuoYiApplication - [logStarting,50] - Starting RuoYiApplication using Java 24.0.2 with PID 82037 (/Users/molido/code/zzylBackend/zzyl-admin/target/classes started by molido in /Users/molido/code/zzylBackend/zzyl-admin)
20:17:02.239 [restartedMain] INFO  c.z.RuoYiApplication - [logStartupProfileInfo,654] - No active profile set, falling back to 1 default profile: "default"
20:17:02.623 [restartedMain] INFO  o.a.c.h.Http11NioProtocol - [log,168] - Initializing ProtocolHandler ["http-nio-8080"]
20:17:02.623 [restartedMain] INFO  o.a.c.c.StandardService - [log,168] - Starting service [Tomcat]
20:17:02.623 [restartedMain] INFO  o.a.c.c.StandardEngine - [log,168] - Starting Servlet engine: [Apache Tomcat/10.1.42]
20:17:02.629 [restartedMain] INFO  o.a.c.c.C.[.[.[/] - [log,168] - Initializing Spring embedded WebApplicationContext
20:17:02.825 [restartedMain] INFO  c.a.d.p.DruidDataSource - [init,1002] - {dataSource-6} inited
20:17:03.370 [restartedMain] INFO  o.q.i.StdSchedulerFactory - [instantiate,1220] - Using default implementation for ThreadExecutor
20:17:03.370 [restartedMain] INFO  o.q.c.SchedulerSignalerImpl - [<init>,61] - Initialized Scheduler Signaller of type: class org.quartz.core.SchedulerSignalerImpl
20:17:03.370 [restartedMain] INFO  o.q.c.QuartzScheduler - [<init>,229] - Quartz Scheduler v.2.3.2 created.
20:17:03.370 [restartedMain] INFO  o.q.s.RAMJobStore - [initialize,155] - RAMJobStore initialized.
20:17:03.370 [restartedMain] INFO  o.q.c.QuartzScheduler - [initialize,294] - Scheduler meta-data: Quartz Scheduler (v2.3.2) 'quartzScheduler' with instanceId 'NON_CLUSTERED'
  Scheduler class: 'org.quartz.core.QuartzScheduler' - running locally.
  NOT STARTED.
  Currently in standby mode.
  Number of jobs executed: 0
  Using thread pool 'org.quartz.simpl.SimpleThreadPool' - with 10 threads.
  Using job-store 'org.quartz.simpl.RAMJobStore' - which does not support persistence. and is not clustered.

20:17:03.370 [restartedMain] INFO  o.q.i.StdSchedulerFactory - [instantiate,1374] - Quartz scheduler 'quartzScheduler' initialized from an externally provided properties instance.
20:17:03.371 [restartedMain] INFO  o.q.i.StdSchedulerFactory - [instantiate,1378] - Quartz scheduler version: 2.3.2
20:17:03.371 [restartedMain] INFO  o.q.c.QuartzScheduler - [setJobFactory,2293] - JobFactory set to: org.springframework.scheduling.quartz.SpringBeanJobFactory@4b6ba575
20:17:04.031 [restartedMain] INFO  o.a.c.h.Http11NioProtocol - [log,168] - Starting ProtocolHandler ["http-nio-8080"]
20:17:04.039 [restartedMain] INFO  o.q.c.QuartzScheduler - [start,547] - Scheduler quartzScheduler_$_NON_CLUSTERED started.
20:17:04.042 [restartedMain] INFO  c.z.RuoYiApplication - [logStarted,56] - Started RuoYiApplication in 1.816 seconds (process running for 11950.593)
20:17:08.770 [http-nio-8080-exec-1] INFO  o.a.c.c.C.[.[.[/] - [log,168] - Initializing Spring DispatcherServlet 'dispatcherServlet'
21:40:34.805 [Druid-ConnectionPool-Create-693346958] INFO  c.a.d.p.DruidAbstractDataSource - [setFailContinuous,1900] - {dataSource-6} failContinuous is true
21:41:11.391 [Druid-ConnectionPool-Create-693346958] INFO  c.a.d.p.DruidAbstractDataSource - [setFailContinuous,1905] - {dataSource-6} failContinuous is false
